#-----------------------------------------------------------
# Vivado v2016.2 (64-bit)
# SW Build 1577090 on Thu Jun  2 16:32:40 MDT 2016
# IP Build 1577682 on Fri Jun  3 12:00:54 MDT 2016
# Start of session at: Sun Apr 09 20:50:27 2017
# Process ID: 9984
# Current directory: C:/Users/1636ahlgrib/Documents/Computer hardware/SingleCoreProcessor
# Command line: vivado.exe -gui_launcher_event rodinguilauncherevent7756 C:\Users\1636ahlgrib\Documents\Computer hardware\SingleCoreProcessor\SingleCoreProcessor.xpr
# Log file: C:/Users/1636ahlgrib/Documents/Computer hardware/SingleCoreProcessor/vivado.log
# Journal file: C:/Users/1636ahlgrib/Documents/Computer hardware/SingleCoreProcessor\vivado.jou
#-----------------------------------------------------------
start_gui
open_project {C:/Users/1636ahlgrib/Documents/Computer hardware/SingleCoreProcessor/SingleCoreProcessor.xpr}
INFO: [Project 1-313] Project file moved from 'C:/Users/Chris Procak/Documents/2016-2017/Computer Hardware/SingleCoreProcessor' since last save.
Scanning sources...
Finished scanning sources
WARNING: [filemgmt 56-2] IP Output Repository Path: Could not find the directory 'C:/Users/1636ahlgrib/Documents/Computer hardware/SingleCoreProcessor/SingleCoreProcessor.cache/ip', nor could it be found using path 'C:/Users/Chris Procak/Documents/2016-2017/Computer Hardware/SingleCoreProcessor/SingleCoreProcessor.cache/ip'.
WARNING: [filemgmt 56-2] IPUserFilesDir: Could not find the directory 'C:/Users/1636ahlgrib/Documents/Computer hardware/SingleCoreProcessor/SingleCoreProcessor.ip_user_files', nor could it be found using path 'C:/Users/Chris Procak/Documents/2016-2017/Computer Hardware/SingleCoreProcessor/SingleCoreProcessor.ip_user_files'.
CRITICAL WARNING: [Project 1-505] Unrecognized Option Name DSANumComputeUnits
CRITICAL WARNING: [Project 1-505] Unrecognized Option Name XSimRadix
CRITICAL WARNING: [Project 1-505] Unrecognized Option Name XSimTimeUnit
CRITICAL WARNING: [Project 1-505] Unrecognized Option Name XSimArrayDisplayLimit
CRITICAL WARNING: [Project 1-505] Unrecognized Option Name XSimTraceLimit
WARNING: [Project 1-231] Project 'SingleCoreProcessor.xpr' was created with a future version and may or may not perform reliably with this version of Vivado. It has been opened in read-only mode for the protection of unrecognized data. Use 'File | Save Project As...' if you wish to alter a copy of the project.
INFO: [IP_Flow 19-234] Refreshing IP repositories
INFO: [IP_Flow 19-2313] Loaded Vivado IP repository 'C:/Xilinx/Vivado/2016.2/data/ip'.
exit
INFO: [Common 17-206] Exiting Vivado at Sun Apr 09 20:51:05 2017...
