#-----------------------------------------------------------
# Vivado v2016.4 (64-bit)
# SW Build 1756540 on Mon Jan 23 19:11:23 MST 2017
# IP Build 1755317 on Mon Jan 23 20:30:07 MST 2017
# Start of session at: Wed Apr 19 01:40:07 2017
# Process ID: 3992
# Current directory: C:/Users/britt.ahlgrim/Desktop/marquette/years/2016-2017/semester 2/Computer Hardware/gitRepo/SingleCoreProcessor
# Command line: vivado.exe -gui_launcher_event rodinguilauncherevent8480 C:\Users\britt.ahlgrim\Desktop\marquette\years\2016-2017\semester 2\Computer Hardware\gitRepo\SingleCoreProcessor\SingleCoreProcessor.xpr
# Log file: C:/Users/britt.ahlgrim/Desktop/marquette/years/2016-2017/semester 2/Computer Hardware/gitRepo/SingleCoreProcessor/vivado.log
# Journal file: C:/Users/britt.ahlgrim/Desktop/marquette/years/2016-2017/semester 2/Computer Hardware/gitRepo/SingleCoreProcessor\vivado.jou
#-----------------------------------------------------------
start_gui
open_project {C:/Users/britt.ahlgrim/Desktop/marquette/years/2016-2017/semester 2/Computer Hardware/gitRepo/SingleCoreProcessor/SingleCoreProcessor.xpr}
INFO: [ProjectBase 1-489] The host OS only allows 260 characters in a normal path. The project is stored in a path with more than 80 characters. If you experience issues with IP, Block Designs, or files not being found, please consider moving the project to a location with a shorter path. Alternately consider using the OS subst command to map part of the path to a drive letter.
Current project path is 'C:/Users/britt.ahlgrim/Desktop/marquette/years/2016-2017/semester 2/Computer Hardware/gitRepo/SingleCoreProcessor'
CRITICAL WARNING: [Project 1-19] Could not find the file 'C:/Users/britt.ahlgrim/Desktop/marquette/years/2016-2017/semester 2/Computer Hardware/gitRepo/ControlUnit/ControlUnit/ControlUnit.srcs/sources_1/new/Control.vhd'.
Scanning sources...
Finished scanning sources
INFO: [IP_Flow 19-234] Refreshing IP repositories
INFO: [IP_Flow 19-1704] No user IP repositories specified
INFO: [IP_Flow 19-2313] Loaded Vivado IP repository 'C:/Xilinx/Vivado/2016.4/data/ip'.
open_project: Time (s): cpu = 00:00:18 ; elapsed = 00:00:12 . Memory (MB): peak = 788.754 ; gain = 119.805
remove_files  {{C:/Users/britt.ahlgrim/Desktop/marquette/years/2016-2017/semester 2/Computer Hardware/gitRepo/SingleCoreProcessor/SingleCoreProcessor.srcs/sources_1/new/full_adder.vhd}}
remove_files  -fileset sim_1 {{C:/Users/britt.ahlgrim/Desktop/marquette/years/2016-2017/semester 2/Computer Hardware/gitRepo/ControlUnit/ControlUnit/ControlUnit.srcs/sources_1/new/Control.vhd}}
