Exception at PC 0x00007FF905617788
Unable to capture context for thread 11404 in process 10536, can not generate back trace
Unable to capture context for thread 1856 in process 10536, can not generate back trace
Unable to capture context for thread 11904 in process 10536, can not generate back trace
Unable to capture context for thread 14068 in process 10536, can not generate back trace
Unable to capture context for thread 13592 in process 10536, can not generate back trace
Exception at PC 0x00007FF905617788
Unable to capture context for thread 1856 in process 10536, can not generate back trace
Unable to capture context for thread 564 in process 10536, can not generate back trace
Exception at PC 0x00007FF8B062BB93
Printing stacktrace...

Unable to capture context for thread 564 in process 10536, can not generate back trace
Exception at PC 0x00007FF905617788
Exception at PC 0x00007FF905617788
Exception at PC 0x00007FF905617788
Exception at PC 0x00007FF905617788
Exception at PC 0x00007FF905617788
Exception at PC 0x00007FF905617788
Exception at PC 0x00007FF905617788
Exception at PC 0x00007FF905617788
Exception at PC 0x00007FF905617788
Exception at PC 0x00007FF905617788
Exception at PC 0x00007FF905617788
Exception at PC 0x00007FF905617788
Exception at PC 0x00007FF905617788
Exception at PC 0x00007FF905617788
Exception at PC 0x00007FF905617788
Exception at PC 0x00007FF905617788
[0]  [0x00007FF8B062BB93]
[1]  [0x00007FF8B062BB93]
[2]  [0x00007FF8B062B4A1]
[3]  [0x00007FF8B062B3EF]
[4]  [0x00007FF8B06119FE]
[5]  [0x00007FF8B0610ED1]
[6]  [0x00007FF8B0610D76]
[7]  [0x00007FF8B05B79F6]
[8]  [0x00007FF8B05A7AFB]
[9]  [0x00007FF8B06CE90A]
[10]  [0x00007FF8B06E9F87]
[11]  [0x00007FF8B06EA05F]
[12] (BaseThreadInitThunk+0x14) [0x00007FF906398364]
[13] (RtlUserThreadStart+0x21) [0x00007FF908E85E91]
Done
