Copyright 1986-2016 Xilinx, Inc. All Rights Reserved.
---------------------------------------------------------------------------------------------------------------
| Tool Version : Vivado v.2016.4 (win64) Build 1756540 Mon Jan 23 19:11:23 MST 2017
| Date         : Wed Apr 19 22:07:08 2017
| Host         : ChrisProcak-PC running 64-bit major release  (build 9200)
| Command      : report_methodology -file SRAM_methodology_drc_routed.rpt -rpx SRAM_methodology_drc_routed.rpx
| Design       : SRAM
| Device       : xc7a35tcsg324-3
| Speed File   : -3
| Design State : Routed
---------------------------------------------------------------------------------------------------------------

Report Methodology

Table of Contents
-----------------
1. REPORT SUMMARY
2. REPORT DETAILS

1. REPORT SUMMARY
-----------------
            Netlist: netlist
          Floorplan: design_1
      Design limits: <entire design considered>
             Max violations: <unlimited>
             Violations found: 170
+-----------+----------+------------------------------------------+------------+
| Rule      | Severity | Description                              | Violations |
+-----------+----------+------------------------------------------+------------+
| TIMING-15 | Warning  | Large hold violation on inter-clock path | 1          |
| TIMING-16 | Warning  | Large setup violation                    | 128        |
| TIMING-18 | Warning  | Missing input or output delay            | 41         |
+-----------+----------+------------------------------------------+------------+

2. REPORT DETAILS
-----------------
TIMING-15#1 Warning
Large hold violation on inter-clock path  
There is a large inter-clock skew of 3.474 ns between InputData[26] (clocked by clk) and addresses_reg_0_255_26_26/RAMS64E_D/I (clocked by clk) that results in large hold timing violation(s) of -1.008 ns. Fixing large hold violations during routing might impact setup slack and result in more difficult timing closure
Related violations: <none>

TIMING-16#1 Warning
Large setup violation  
There is a large setup violation of -5.238 ns between InputData[1] (clocked by clk) and addresses_reg_0_255_1_1/RAMS64E_D/I (clocked by clk). Large setup violations at the end of those stages might be difficult to fix during the post-placement implementation flow and could be the result of non-optimal XDC constraints or non-optimal design architecture
Related violations: <none>

TIMING-16#2 Warning
Large setup violation  
There is a large setup violation of -5.308 ns between InputData[18] (clocked by clk) and addresses_reg_0_255_18_18/RAMS64E_D/I (clocked by clk). Large setup violations at the end of those stages might be difficult to fix during the post-placement implementation flow and could be the result of non-optimal XDC constraints or non-optimal design architecture
Related violations: <none>

TIMING-16#3 Warning
Large setup violation  
There is a large setup violation of -5.320 ns between InputData[11] (clocked by clk) and addresses_reg_0_255_11_11/RAMS64E_D/I (clocked by clk). Large setup violations at the end of those stages might be difficult to fix during the post-placement implementation flow and could be the result of non-optimal XDC constraints or non-optimal design architecture
Related violations: <none>

TIMING-16#4 Warning
Large setup violation  
There is a large setup violation of -5.324 ns between InputData[3] (clocked by clk) and addresses_reg_0_255_3_3/RAMS64E_D/I (clocked by clk). Large setup violations at the end of those stages might be difficult to fix during the post-placement implementation flow and could be the result of non-optimal XDC constraints or non-optimal design architecture
Related violations: <none>

TIMING-16#5 Warning
Large setup violation  
There is a large setup violation of -5.326 ns between InputData[30] (clocked by clk) and addresses_reg_0_255_30_30/RAMS64E_D/I (clocked by clk). Large setup violations at the end of those stages might be difficult to fix during the post-placement implementation flow and could be the result of non-optimal XDC constraints or non-optimal design architecture
Related violations: <none>

TIMING-16#6 Warning
Large setup violation  
There is a large setup violation of -5.328 ns between InputData[12] (clocked by clk) and addresses_reg_0_255_12_12/RAMS64E_D/I (clocked by clk). Large setup violations at the end of those stages might be difficult to fix during the post-placement implementation flow and could be the result of non-optimal XDC constraints or non-optimal design architecture
Related violations: <none>

TIMING-16#7 Warning
Large setup violation  
There is a large setup violation of -5.328 ns between InputData[7] (clocked by clk) and addresses_reg_0_255_7_7/RAMS64E_D/I (clocked by clk). Large setup violations at the end of those stages might be difficult to fix during the post-placement implementation flow and could be the result of non-optimal XDC constraints or non-optimal design architecture
Related violations: <none>

TIMING-16#8 Warning
Large setup violation  
There is a large setup violation of -5.329 ns between InputData[10] (clocked by clk) and addresses_reg_0_255_10_10/RAMS64E_D/I (clocked by clk). Large setup violations at the end of those stages might be difficult to fix during the post-placement implementation flow and could be the result of non-optimal XDC constraints or non-optimal design architecture
Related violations: <none>

TIMING-16#9 Warning
Large setup violation  
There is a large setup violation of -5.331 ns between InputData[17] (clocked by clk) and addresses_reg_0_255_17_17/RAMS64E_D/I (clocked by clk). Large setup violations at the end of those stages might be difficult to fix during the post-placement implementation flow and could be the result of non-optimal XDC constraints or non-optimal design architecture
Related violations: <none>

TIMING-16#10 Warning
Large setup violation  
There is a large setup violation of -5.332 ns between InputData[22] (clocked by clk) and addresses_reg_0_255_22_22/RAMS64E_D/I (clocked by clk). Large setup violations at the end of those stages might be difficult to fix during the post-placement implementation flow and could be the result of non-optimal XDC constraints or non-optimal design architecture
Related violations: <none>

TIMING-16#11 Warning
Large setup violation  
There is a large setup violation of -5.336 ns between InputData[19] (clocked by clk) and addresses_reg_0_255_19_19/RAMS64E_D/I (clocked by clk). Large setup violations at the end of those stages might be difficult to fix during the post-placement implementation flow and could be the result of non-optimal XDC constraints or non-optimal design architecture
Related violations: <none>

TIMING-16#12 Warning
Large setup violation  
There is a large setup violation of -5.338 ns between InputData[21] (clocked by clk) and addresses_reg_0_255_21_21/RAMS64E_D/I (clocked by clk). Large setup violations at the end of those stages might be difficult to fix during the post-placement implementation flow and could be the result of non-optimal XDC constraints or non-optimal design architecture
Related violations: <none>

TIMING-16#13 Warning
Large setup violation  
There is a large setup violation of -5.339 ns between InputData[29] (clocked by clk) and addresses_reg_0_255_29_29/RAMS64E_D/I (clocked by clk). Large setup violations at the end of those stages might be difficult to fix during the post-placement implementation flow and could be the result of non-optimal XDC constraints or non-optimal design architecture
Related violations: <none>

TIMING-16#14 Warning
Large setup violation  
There is a large setup violation of -5.340 ns between InputData[1] (clocked by clk) and addresses_reg_0_255_1_1/RAMS64E_B/I (clocked by clk). Large setup violations at the end of those stages might be difficult to fix during the post-placement implementation flow and could be the result of non-optimal XDC constraints or non-optimal design architecture
Related violations: <none>

TIMING-16#15 Warning
Large setup violation  
There is a large setup violation of -5.341 ns between InputData[1] (clocked by clk) and addresses_reg_0_255_1_1/RAMS64E_C/I (clocked by clk). Large setup violations at the end of those stages might be difficult to fix during the post-placement implementation flow and could be the result of non-optimal XDC constraints or non-optimal design architecture
Related violations: <none>

TIMING-16#16 Warning
Large setup violation  
There is a large setup violation of -5.342 ns between InputData[16] (clocked by clk) and addresses_reg_0_255_16_16/RAMS64E_D/I (clocked by clk). Large setup violations at the end of those stages might be difficult to fix during the post-placement implementation flow and could be the result of non-optimal XDC constraints or non-optimal design architecture
Related violations: <none>

TIMING-16#17 Warning
Large setup violation  
There is a large setup violation of -5.342 ns between InputData[31] (clocked by clk) and addresses_reg_0_255_31_31/RAMS64E_D/I (clocked by clk). Large setup violations at the end of those stages might be difficult to fix during the post-placement implementation flow and could be the result of non-optimal XDC constraints or non-optimal design architecture
Related violations: <none>

TIMING-16#18 Warning
Large setup violation  
There is a large setup violation of -5.347 ns between InputData[2] (clocked by clk) and addresses_reg_0_255_2_2/RAMS64E_D/I (clocked by clk). Large setup violations at the end of those stages might be difficult to fix during the post-placement implementation flow and could be the result of non-optimal XDC constraints or non-optimal design architecture
Related violations: <none>

TIMING-16#19 Warning
Large setup violation  
There is a large setup violation of -5.347 ns between InputData[8] (clocked by clk) and addresses_reg_0_255_8_8/RAMS64E_D/I (clocked by clk). Large setup violations at the end of those stages might be difficult to fix during the post-placement implementation flow and could be the result of non-optimal XDC constraints or non-optimal design architecture
Related violations: <none>

TIMING-16#20 Warning
Large setup violation  
There is a large setup violation of -5.347 ns between InputData[9] (clocked by clk) and addresses_reg_0_255_9_9/RAMS64E_D/I (clocked by clk). Large setup violations at the end of those stages might be difficult to fix during the post-placement implementation flow and could be the result of non-optimal XDC constraints or non-optimal design architecture
Related violations: <none>

TIMING-16#21 Warning
Large setup violation  
There is a large setup violation of -5.353 ns between InputData[6] (clocked by clk) and addresses_reg_0_255_6_6/RAMS64E_D/I (clocked by clk). Large setup violations at the end of those stages might be difficult to fix during the post-placement implementation flow and could be the result of non-optimal XDC constraints or non-optimal design architecture
Related violations: <none>

TIMING-16#22 Warning
Large setup violation  
There is a large setup violation of -5.357 ns between InputData[5] (clocked by clk) and addresses_reg_0_255_5_5/RAMS64E_D/I (clocked by clk). Large setup violations at the end of those stages might be difficult to fix during the post-placement implementation flow and could be the result of non-optimal XDC constraints or non-optimal design architecture
Related violations: <none>

TIMING-16#23 Warning
Large setup violation  
There is a large setup violation of -5.359 ns between InputData[14] (clocked by clk) and addresses_reg_0_255_14_14/RAMS64E_D/I (clocked by clk). Large setup violations at the end of those stages might be difficult to fix during the post-placement implementation flow and could be the result of non-optimal XDC constraints or non-optimal design architecture
Related violations: <none>

TIMING-16#24 Warning
Large setup violation  
There is a large setup violation of -5.369 ns between InputData[0] (clocked by clk) and addresses_reg_0_255_0_0/RAMS64E_D/I (clocked by clk). Large setup violations at the end of those stages might be difficult to fix during the post-placement implementation flow and could be the result of non-optimal XDC constraints or non-optimal design architecture
Related violations: <none>

TIMING-16#25 Warning
Large setup violation  
There is a large setup violation of -5.375 ns between InputData[4] (clocked by clk) and addresses_reg_0_255_4_4/RAMS64E_D/I (clocked by clk). Large setup violations at the end of those stages might be difficult to fix during the post-placement implementation flow and could be the result of non-optimal XDC constraints or non-optimal design architecture
Related violations: <none>

TIMING-16#26 Warning
Large setup violation  
There is a large setup violation of -5.387 ns between InputData[25] (clocked by clk) and addresses_reg_0_255_25_25/RAMS64E_D/I (clocked by clk). Large setup violations at the end of those stages might be difficult to fix during the post-placement implementation flow and could be the result of non-optimal XDC constraints or non-optimal design architecture
Related violations: <none>

TIMING-16#27 Warning
Large setup violation  
There is a large setup violation of -5.387 ns between InputData[27] (clocked by clk) and addresses_reg_0_255_27_27/RAMS64E_D/I (clocked by clk). Large setup violations at the end of those stages might be difficult to fix during the post-placement implementation flow and could be the result of non-optimal XDC constraints or non-optimal design architecture
Related violations: <none>

TIMING-16#28 Warning
Large setup violation  
There is a large setup violation of -5.394 ns between InputData[13] (clocked by clk) and addresses_reg_0_255_13_13/RAMS64E_D/I (clocked by clk). Large setup violations at the end of those stages might be difficult to fix during the post-placement implementation flow and could be the result of non-optimal XDC constraints or non-optimal design architecture
Related violations: <none>

TIMING-16#29 Warning
Large setup violation  
There is a large setup violation of -5.394 ns between InputData[20] (clocked by clk) and addresses_reg_0_255_20_20/RAMS64E_D/I (clocked by clk). Large setup violations at the end of those stages might be difficult to fix during the post-placement implementation flow and could be the result of non-optimal XDC constraints or non-optimal design architecture
Related violations: <none>

TIMING-16#30 Warning
Large setup violation  
There is a large setup violation of -5.395 ns between InputData[24] (clocked by clk) and addresses_reg_0_255_24_24/RAMS64E_D/I (clocked by clk). Large setup violations at the end of those stages might be difficult to fix during the post-placement implementation flow and could be the result of non-optimal XDC constraints or non-optimal design architecture
Related violations: <none>

TIMING-16#31 Warning
Large setup violation  
There is a large setup violation of -5.400 ns between InputData[23] (clocked by clk) and addresses_reg_0_255_23_23/RAMS64E_D/I (clocked by clk). Large setup violations at the end of those stages might be difficult to fix during the post-placement implementation flow and could be the result of non-optimal XDC constraints or non-optimal design architecture
Related violations: <none>

TIMING-16#32 Warning
Large setup violation  
There is a large setup violation of -5.401 ns between InputData[26] (clocked by clk) and addresses_reg_0_255_26_26/RAMS64E_D/I (clocked by clk). Large setup violations at the end of those stages might be difficult to fix during the post-placement implementation flow and could be the result of non-optimal XDC constraints or non-optimal design architecture
Related violations: <none>

TIMING-16#33 Warning
Large setup violation  
There is a large setup violation of -5.410 ns between InputData[18] (clocked by clk) and addresses_reg_0_255_18_18/RAMS64E_B/I (clocked by clk). Large setup violations at the end of those stages might be difficult to fix during the post-placement implementation flow and could be the result of non-optimal XDC constraints or non-optimal design architecture
Related violations: <none>

TIMING-16#34 Warning
Large setup violation  
There is a large setup violation of -5.411 ns between InputData[18] (clocked by clk) and addresses_reg_0_255_18_18/RAMS64E_C/I (clocked by clk). Large setup violations at the end of those stages might be difficult to fix during the post-placement implementation flow and could be the result of non-optimal XDC constraints or non-optimal design architecture
Related violations: <none>

TIMING-16#35 Warning
Large setup violation  
There is a large setup violation of -5.413 ns between InputData[15] (clocked by clk) and addresses_reg_0_255_15_15/RAMS64E_D/I (clocked by clk). Large setup violations at the end of those stages might be difficult to fix during the post-placement implementation flow and could be the result of non-optimal XDC constraints or non-optimal design architecture
Related violations: <none>

TIMING-16#36 Warning
Large setup violation  
There is a large setup violation of -5.415 ns between InputData[28] (clocked by clk) and addresses_reg_0_255_28_28/RAMS64E_D/I (clocked by clk). Large setup violations at the end of those stages might be difficult to fix during the post-placement implementation flow and could be the result of non-optimal XDC constraints or non-optimal design architecture
Related violations: <none>

TIMING-16#37 Warning
Large setup violation  
There is a large setup violation of -5.422 ns between InputData[11] (clocked by clk) and addresses_reg_0_255_11_11/RAMS64E_B/I (clocked by clk). Large setup violations at the end of those stages might be difficult to fix during the post-placement implementation flow and could be the result of non-optimal XDC constraints or non-optimal design architecture
Related violations: <none>

TIMING-16#38 Warning
Large setup violation  
There is a large setup violation of -5.423 ns between InputData[11] (clocked by clk) and addresses_reg_0_255_11_11/RAMS64E_C/I (clocked by clk). Large setup violations at the end of those stages might be difficult to fix during the post-placement implementation flow and could be the result of non-optimal XDC constraints or non-optimal design architecture
Related violations: <none>

TIMING-16#39 Warning
Large setup violation  
There is a large setup violation of -5.426 ns between InputData[3] (clocked by clk) and addresses_reg_0_255_3_3/RAMS64E_B/I (clocked by clk). Large setup violations at the end of those stages might be difficult to fix during the post-placement implementation flow and could be the result of non-optimal XDC constraints or non-optimal design architecture
Related violations: <none>

TIMING-16#40 Warning
Large setup violation  
There is a large setup violation of -5.427 ns between InputData[3] (clocked by clk) and addresses_reg_0_255_3_3/RAMS64E_C/I (clocked by clk). Large setup violations at the end of those stages might be difficult to fix during the post-placement implementation flow and could be the result of non-optimal XDC constraints or non-optimal design architecture
Related violations: <none>

TIMING-16#41 Warning
Large setup violation  
There is a large setup violation of -5.428 ns between InputData[30] (clocked by clk) and addresses_reg_0_255_30_30/RAMS64E_B/I (clocked by clk). Large setup violations at the end of those stages might be difficult to fix during the post-placement implementation flow and could be the result of non-optimal XDC constraints or non-optimal design architecture
Related violations: <none>

TIMING-16#42 Warning
Large setup violation  
There is a large setup violation of -5.429 ns between InputData[30] (clocked by clk) and addresses_reg_0_255_30_30/RAMS64E_C/I (clocked by clk). Large setup violations at the end of those stages might be difficult to fix during the post-placement implementation flow and could be the result of non-optimal XDC constraints or non-optimal design architecture
Related violations: <none>

TIMING-16#43 Warning
Large setup violation  
There is a large setup violation of -5.430 ns between InputData[12] (clocked by clk) and addresses_reg_0_255_12_12/RAMS64E_B/I (clocked by clk). Large setup violations at the end of those stages might be difficult to fix during the post-placement implementation flow and could be the result of non-optimal XDC constraints or non-optimal design architecture
Related violations: <none>

TIMING-16#44 Warning
Large setup violation  
There is a large setup violation of -5.430 ns between InputData[7] (clocked by clk) and addresses_reg_0_255_7_7/RAMS64E_B/I (clocked by clk). Large setup violations at the end of those stages might be difficult to fix during the post-placement implementation flow and could be the result of non-optimal XDC constraints or non-optimal design architecture
Related violations: <none>

TIMING-16#45 Warning
Large setup violation  
There is a large setup violation of -5.431 ns between InputData[10] (clocked by clk) and addresses_reg_0_255_10_10/RAMS64E_B/I (clocked by clk). Large setup violations at the end of those stages might be difficult to fix during the post-placement implementation flow and could be the result of non-optimal XDC constraints or non-optimal design architecture
Related violations: <none>

TIMING-16#46 Warning
Large setup violation  
There is a large setup violation of -5.431 ns between InputData[12] (clocked by clk) and addresses_reg_0_255_12_12/RAMS64E_C/I (clocked by clk). Large setup violations at the end of those stages might be difficult to fix during the post-placement implementation flow and could be the result of non-optimal XDC constraints or non-optimal design architecture
Related violations: <none>

TIMING-16#47 Warning
Large setup violation  
There is a large setup violation of -5.431 ns between InputData[7] (clocked by clk) and addresses_reg_0_255_7_7/RAMS64E_C/I (clocked by clk). Large setup violations at the end of those stages might be difficult to fix during the post-placement implementation flow and could be the result of non-optimal XDC constraints or non-optimal design architecture
Related violations: <none>

TIMING-16#48 Warning
Large setup violation  
There is a large setup violation of -5.432 ns between InputData[10] (clocked by clk) and addresses_reg_0_255_10_10/RAMS64E_C/I (clocked by clk). Large setup violations at the end of those stages might be difficult to fix during the post-placement implementation flow and could be the result of non-optimal XDC constraints or non-optimal design architecture
Related violations: <none>

TIMING-16#49 Warning
Large setup violation  
There is a large setup violation of -5.433 ns between InputData[17] (clocked by clk) and addresses_reg_0_255_17_17/RAMS64E_B/I (clocked by clk). Large setup violations at the end of those stages might be difficult to fix during the post-placement implementation flow and could be the result of non-optimal XDC constraints or non-optimal design architecture
Related violations: <none>

TIMING-16#50 Warning
Large setup violation  
There is a large setup violation of -5.434 ns between InputData[17] (clocked by clk) and addresses_reg_0_255_17_17/RAMS64E_C/I (clocked by clk). Large setup violations at the end of those stages might be difficult to fix during the post-placement implementation flow and could be the result of non-optimal XDC constraints or non-optimal design architecture
Related violations: <none>

TIMING-16#51 Warning
Large setup violation  
There is a large setup violation of -5.434 ns between InputData[22] (clocked by clk) and addresses_reg_0_255_22_22/RAMS64E_B/I (clocked by clk). Large setup violations at the end of those stages might be difficult to fix during the post-placement implementation flow and could be the result of non-optimal XDC constraints or non-optimal design architecture
Related violations: <none>

TIMING-16#52 Warning
Large setup violation  
There is a large setup violation of -5.435 ns between InputData[22] (clocked by clk) and addresses_reg_0_255_22_22/RAMS64E_C/I (clocked by clk). Large setup violations at the end of those stages might be difficult to fix during the post-placement implementation flow and could be the result of non-optimal XDC constraints or non-optimal design architecture
Related violations: <none>

TIMING-16#53 Warning
Large setup violation  
There is a large setup violation of -5.438 ns between InputData[19] (clocked by clk) and addresses_reg_0_255_19_19/RAMS64E_B/I (clocked by clk). Large setup violations at the end of those stages might be difficult to fix during the post-placement implementation flow and could be the result of non-optimal XDC constraints or non-optimal design architecture
Related violations: <none>

TIMING-16#54 Warning
Large setup violation  
There is a large setup violation of -5.439 ns between InputData[19] (clocked by clk) and addresses_reg_0_255_19_19/RAMS64E_C/I (clocked by clk). Large setup violations at the end of those stages might be difficult to fix during the post-placement implementation flow and could be the result of non-optimal XDC constraints or non-optimal design architecture
Related violations: <none>

TIMING-16#55 Warning
Large setup violation  
There is a large setup violation of -5.440 ns between InputData[21] (clocked by clk) and addresses_reg_0_255_21_21/RAMS64E_B/I (clocked by clk). Large setup violations at the end of those stages might be difficult to fix during the post-placement implementation flow and could be the result of non-optimal XDC constraints or non-optimal design architecture
Related violations: <none>

TIMING-16#56 Warning
Large setup violation  
There is a large setup violation of -5.441 ns between InputData[21] (clocked by clk) and addresses_reg_0_255_21_21/RAMS64E_C/I (clocked by clk). Large setup violations at the end of those stages might be difficult to fix during the post-placement implementation flow and could be the result of non-optimal XDC constraints or non-optimal design architecture
Related violations: <none>

TIMING-16#57 Warning
Large setup violation  
There is a large setup violation of -5.441 ns between InputData[29] (clocked by clk) and addresses_reg_0_255_29_29/RAMS64E_B/I (clocked by clk). Large setup violations at the end of those stages might be difficult to fix during the post-placement implementation flow and could be the result of non-optimal XDC constraints or non-optimal design architecture
Related violations: <none>

TIMING-16#58 Warning
Large setup violation  
There is a large setup violation of -5.442 ns between InputData[29] (clocked by clk) and addresses_reg_0_255_29_29/RAMS64E_C/I (clocked by clk). Large setup violations at the end of those stages might be difficult to fix during the post-placement implementation flow and could be the result of non-optimal XDC constraints or non-optimal design architecture
Related violations: <none>

TIMING-16#59 Warning
Large setup violation  
There is a large setup violation of -5.444 ns between InputData[16] (clocked by clk) and addresses_reg_0_255_16_16/RAMS64E_B/I (clocked by clk). Large setup violations at the end of those stages might be difficult to fix during the post-placement implementation flow and could be the result of non-optimal XDC constraints or non-optimal design architecture
Related violations: <none>

TIMING-16#60 Warning
Large setup violation  
There is a large setup violation of -5.444 ns between InputData[31] (clocked by clk) and addresses_reg_0_255_31_31/RAMS64E_B/I (clocked by clk). Large setup violations at the end of those stages might be difficult to fix during the post-placement implementation flow and could be the result of non-optimal XDC constraints or non-optimal design architecture
Related violations: <none>

TIMING-16#61 Warning
Large setup violation  
There is a large setup violation of -5.445 ns between InputData[16] (clocked by clk) and addresses_reg_0_255_16_16/RAMS64E_C/I (clocked by clk). Large setup violations at the end of those stages might be difficult to fix during the post-placement implementation flow and could be the result of non-optimal XDC constraints or non-optimal design architecture
Related violations: <none>

TIMING-16#62 Warning
Large setup violation  
There is a large setup violation of -5.445 ns between InputData[31] (clocked by clk) and addresses_reg_0_255_31_31/RAMS64E_C/I (clocked by clk). Large setup violations at the end of those stages might be difficult to fix during the post-placement implementation flow and could be the result of non-optimal XDC constraints or non-optimal design architecture
Related violations: <none>

TIMING-16#63 Warning
Large setup violation  
There is a large setup violation of -5.449 ns between InputData[2] (clocked by clk) and addresses_reg_0_255_2_2/RAMS64E_B/I (clocked by clk). Large setup violations at the end of those stages might be difficult to fix during the post-placement implementation flow and could be the result of non-optimal XDC constraints or non-optimal design architecture
Related violations: <none>

TIMING-16#64 Warning
Large setup violation  
There is a large setup violation of -5.449 ns between InputData[8] (clocked by clk) and addresses_reg_0_255_8_8/RAMS64E_B/I (clocked by clk). Large setup violations at the end of those stages might be difficult to fix during the post-placement implementation flow and could be the result of non-optimal XDC constraints or non-optimal design architecture
Related violations: <none>

TIMING-16#65 Warning
Large setup violation  
There is a large setup violation of -5.449 ns between InputData[9] (clocked by clk) and addresses_reg_0_255_9_9/RAMS64E_B/I (clocked by clk). Large setup violations at the end of those stages might be difficult to fix during the post-placement implementation flow and could be the result of non-optimal XDC constraints or non-optimal design architecture
Related violations: <none>

TIMING-16#66 Warning
Large setup violation  
There is a large setup violation of -5.450 ns between InputData[2] (clocked by clk) and addresses_reg_0_255_2_2/RAMS64E_C/I (clocked by clk). Large setup violations at the end of those stages might be difficult to fix during the post-placement implementation flow and could be the result of non-optimal XDC constraints or non-optimal design architecture
Related violations: <none>

TIMING-16#67 Warning
Large setup violation  
There is a large setup violation of -5.450 ns between InputData[8] (clocked by clk) and addresses_reg_0_255_8_8/RAMS64E_C/I (clocked by clk). Large setup violations at the end of those stages might be difficult to fix during the post-placement implementation flow and could be the result of non-optimal XDC constraints or non-optimal design architecture
Related violations: <none>

TIMING-16#68 Warning
Large setup violation  
There is a large setup violation of -5.450 ns between InputData[9] (clocked by clk) and addresses_reg_0_255_9_9/RAMS64E_C/I (clocked by clk). Large setup violations at the end of those stages might be difficult to fix during the post-placement implementation flow and could be the result of non-optimal XDC constraints or non-optimal design architecture
Related violations: <none>

TIMING-16#69 Warning
Large setup violation  
There is a large setup violation of -5.454 ns between InputData[1] (clocked by clk) and addresses_reg_0_255_1_1/RAMS64E_A/I (clocked by clk). Large setup violations at the end of those stages might be difficult to fix during the post-placement implementation flow and could be the result of non-optimal XDC constraints or non-optimal design architecture
Related violations: <none>

TIMING-16#70 Warning
Large setup violation  
There is a large setup violation of -5.455 ns between InputData[6] (clocked by clk) and addresses_reg_0_255_6_6/RAMS64E_B/I (clocked by clk). Large setup violations at the end of those stages might be difficult to fix during the post-placement implementation flow and could be the result of non-optimal XDC constraints or non-optimal design architecture
Related violations: <none>

TIMING-16#71 Warning
Large setup violation  
There is a large setup violation of -5.456 ns between InputData[6] (clocked by clk) and addresses_reg_0_255_6_6/RAMS64E_C/I (clocked by clk). Large setup violations at the end of those stages might be difficult to fix during the post-placement implementation flow and could be the result of non-optimal XDC constraints or non-optimal design architecture
Related violations: <none>

TIMING-16#72 Warning
Large setup violation  
There is a large setup violation of -5.459 ns between InputData[5] (clocked by clk) and addresses_reg_0_255_5_5/RAMS64E_B/I (clocked by clk). Large setup violations at the end of those stages might be difficult to fix during the post-placement implementation flow and could be the result of non-optimal XDC constraints or non-optimal design architecture
Related violations: <none>

TIMING-16#73 Warning
Large setup violation  
There is a large setup violation of -5.460 ns between InputData[5] (clocked by clk) and addresses_reg_0_255_5_5/RAMS64E_C/I (clocked by clk). Large setup violations at the end of those stages might be difficult to fix during the post-placement implementation flow and could be the result of non-optimal XDC constraints or non-optimal design architecture
Related violations: <none>

TIMING-16#74 Warning
Large setup violation  
There is a large setup violation of -5.461 ns between InputData[14] (clocked by clk) and addresses_reg_0_255_14_14/RAMS64E_B/I (clocked by clk). Large setup violations at the end of those stages might be difficult to fix during the post-placement implementation flow and could be the result of non-optimal XDC constraints or non-optimal design architecture
Related violations: <none>

TIMING-16#75 Warning
Large setup violation  
There is a large setup violation of -5.462 ns between InputData[14] (clocked by clk) and addresses_reg_0_255_14_14/RAMS64E_C/I (clocked by clk). Large setup violations at the end of those stages might be difficult to fix during the post-placement implementation flow and could be the result of non-optimal XDC constraints or non-optimal design architecture
Related violations: <none>

TIMING-16#76 Warning
Large setup violation  
There is a large setup violation of -5.471 ns between InputData[0] (clocked by clk) and addresses_reg_0_255_0_0/RAMS64E_B/I (clocked by clk). Large setup violations at the end of those stages might be difficult to fix during the post-placement implementation flow and could be the result of non-optimal XDC constraints or non-optimal design architecture
Related violations: <none>

TIMING-16#77 Warning
Large setup violation  
There is a large setup violation of -5.472 ns between InputData[0] (clocked by clk) and addresses_reg_0_255_0_0/RAMS64E_C/I (clocked by clk). Large setup violations at the end of those stages might be difficult to fix during the post-placement implementation flow and could be the result of non-optimal XDC constraints or non-optimal design architecture
Related violations: <none>

TIMING-16#78 Warning
Large setup violation  
There is a large setup violation of -5.477 ns between InputData[4] (clocked by clk) and addresses_reg_0_255_4_4/RAMS64E_B/I (clocked by clk). Large setup violations at the end of those stages might be difficult to fix during the post-placement implementation flow and could be the result of non-optimal XDC constraints or non-optimal design architecture
Related violations: <none>

TIMING-16#79 Warning
Large setup violation  
There is a large setup violation of -5.478 ns between InputData[4] (clocked by clk) and addresses_reg_0_255_4_4/RAMS64E_C/I (clocked by clk). Large setup violations at the end of those stages might be difficult to fix during the post-placement implementation flow and could be the result of non-optimal XDC constraints or non-optimal design architecture
Related violations: <none>

TIMING-16#80 Warning
Large setup violation  
There is a large setup violation of -5.489 ns between InputData[25] (clocked by clk) and addresses_reg_0_255_25_25/RAMS64E_B/I (clocked by clk). Large setup violations at the end of those stages might be difficult to fix during the post-placement implementation flow and could be the result of non-optimal XDC constraints or non-optimal design architecture
Related violations: <none>

TIMING-16#81 Warning
Large setup violation  
There is a large setup violation of -5.489 ns between InputData[27] (clocked by clk) and addresses_reg_0_255_27_27/RAMS64E_B/I (clocked by clk). Large setup violations at the end of those stages might be difficult to fix during the post-placement implementation flow and could be the result of non-optimal XDC constraints or non-optimal design architecture
Related violations: <none>

TIMING-16#82 Warning
Large setup violation  
There is a large setup violation of -5.490 ns between InputData[25] (clocked by clk) and addresses_reg_0_255_25_25/RAMS64E_C/I (clocked by clk). Large setup violations at the end of those stages might be difficult to fix during the post-placement implementation flow and could be the result of non-optimal XDC constraints or non-optimal design architecture
Related violations: <none>

TIMING-16#83 Warning
Large setup violation  
There is a large setup violation of -5.490 ns between InputData[27] (clocked by clk) and addresses_reg_0_255_27_27/RAMS64E_C/I (clocked by clk). Large setup violations at the end of those stages might be difficult to fix during the post-placement implementation flow and could be the result of non-optimal XDC constraints or non-optimal design architecture
Related violations: <none>

TIMING-16#84 Warning
Large setup violation  
There is a large setup violation of -5.496 ns between InputData[13] (clocked by clk) and addresses_reg_0_255_13_13/RAMS64E_B/I (clocked by clk). Large setup violations at the end of those stages might be difficult to fix during the post-placement implementation flow and could be the result of non-optimal XDC constraints or non-optimal design architecture
Related violations: <none>

TIMING-16#85 Warning
Large setup violation  
There is a large setup violation of -5.496 ns between InputData[20] (clocked by clk) and addresses_reg_0_255_20_20/RAMS64E_B/I (clocked by clk). Large setup violations at the end of those stages might be difficult to fix during the post-placement implementation flow and could be the result of non-optimal XDC constraints or non-optimal design architecture
Related violations: <none>

TIMING-16#86 Warning
Large setup violation  
There is a large setup violation of -5.497 ns between InputData[13] (clocked by clk) and addresses_reg_0_255_13_13/RAMS64E_C/I (clocked by clk). Large setup violations at the end of those stages might be difficult to fix during the post-placement implementation flow and could be the result of non-optimal XDC constraints or non-optimal design architecture
Related violations: <none>

TIMING-16#87 Warning
Large setup violation  
There is a large setup violation of -5.497 ns between InputData[20] (clocked by clk) and addresses_reg_0_255_20_20/RAMS64E_C/I (clocked by clk). Large setup violations at the end of those stages might be difficult to fix during the post-placement implementation flow and could be the result of non-optimal XDC constraints or non-optimal design architecture
Related violations: <none>

TIMING-16#88 Warning
Large setup violation  
There is a large setup violation of -5.497 ns between InputData[24] (clocked by clk) and addresses_reg_0_255_24_24/RAMS64E_B/I (clocked by clk). Large setup violations at the end of those stages might be difficult to fix during the post-placement implementation flow and could be the result of non-optimal XDC constraints or non-optimal design architecture
Related violations: <none>

TIMING-16#89 Warning
Large setup violation  
There is a large setup violation of -5.498 ns between InputData[24] (clocked by clk) and addresses_reg_0_255_24_24/RAMS64E_C/I (clocked by clk). Large setup violations at the end of those stages might be difficult to fix during the post-placement implementation flow and could be the result of non-optimal XDC constraints or non-optimal design architecture
Related violations: <none>

TIMING-16#90 Warning
Large setup violation  
There is a large setup violation of -5.502 ns between InputData[23] (clocked by clk) and addresses_reg_0_255_23_23/RAMS64E_B/I (clocked by clk). Large setup violations at the end of those stages might be difficult to fix during the post-placement implementation flow and could be the result of non-optimal XDC constraints or non-optimal design architecture
Related violations: <none>

TIMING-16#91 Warning
Large setup violation  
There is a large setup violation of -5.503 ns between InputData[23] (clocked by clk) and addresses_reg_0_255_23_23/RAMS64E_C/I (clocked by clk). Large setup violations at the end of those stages might be difficult to fix during the post-placement implementation flow and could be the result of non-optimal XDC constraints or non-optimal design architecture
Related violations: <none>

TIMING-16#92 Warning
Large setup violation  
There is a large setup violation of -5.503 ns between InputData[26] (clocked by clk) and addresses_reg_0_255_26_26/RAMS64E_B/I (clocked by clk). Large setup violations at the end of those stages might be difficult to fix during the post-placement implementation flow and could be the result of non-optimal XDC constraints or non-optimal design architecture
Related violations: <none>

TIMING-16#93 Warning
Large setup violation  
There is a large setup violation of -5.504 ns between InputData[26] (clocked by clk) and addresses_reg_0_255_26_26/RAMS64E_C/I (clocked by clk). Large setup violations at the end of those stages might be difficult to fix during the post-placement implementation flow and could be the result of non-optimal XDC constraints or non-optimal design architecture
Related violations: <none>

TIMING-16#94 Warning
Large setup violation  
There is a large setup violation of -5.515 ns between InputData[15] (clocked by clk) and addresses_reg_0_255_15_15/RAMS64E_B/I (clocked by clk). Large setup violations at the end of those stages might be difficult to fix during the post-placement implementation flow and could be the result of non-optimal XDC constraints or non-optimal design architecture
Related violations: <none>

TIMING-16#95 Warning
Large setup violation  
There is a large setup violation of -5.516 ns between InputData[15] (clocked by clk) and addresses_reg_0_255_15_15/RAMS64E_C/I (clocked by clk). Large setup violations at the end of those stages might be difficult to fix during the post-placement implementation flow and could be the result of non-optimal XDC constraints or non-optimal design architecture
Related violations: <none>

TIMING-16#96 Warning
Large setup violation  
There is a large setup violation of -5.517 ns between InputData[28] (clocked by clk) and addresses_reg_0_255_28_28/RAMS64E_B/I (clocked by clk). Large setup violations at the end of those stages might be difficult to fix during the post-placement implementation flow and could be the result of non-optimal XDC constraints or non-optimal design architecture
Related violations: <none>

TIMING-16#97 Warning
Large setup violation  
There is a large setup violation of -5.518 ns between InputData[28] (clocked by clk) and addresses_reg_0_255_28_28/RAMS64E_C/I (clocked by clk). Large setup violations at the end of those stages might be difficult to fix during the post-placement implementation flow and could be the result of non-optimal XDC constraints or non-optimal design architecture
Related violations: <none>

TIMING-16#98 Warning
Large setup violation  
There is a large setup violation of -5.524 ns between InputData[18] (clocked by clk) and addresses_reg_0_255_18_18/RAMS64E_A/I (clocked by clk). Large setup violations at the end of those stages might be difficult to fix during the post-placement implementation flow and could be the result of non-optimal XDC constraints or non-optimal design architecture
Related violations: <none>

TIMING-16#99 Warning
Large setup violation  
There is a large setup violation of -5.536 ns between InputData[11] (clocked by clk) and addresses_reg_0_255_11_11/RAMS64E_A/I (clocked by clk). Large setup violations at the end of those stages might be difficult to fix during the post-placement implementation flow and could be the result of non-optimal XDC constraints or non-optimal design architecture
Related violations: <none>

TIMING-16#100 Warning
Large setup violation  
There is a large setup violation of -5.540 ns between InputData[3] (clocked by clk) and addresses_reg_0_255_3_3/RAMS64E_A/I (clocked by clk). Large setup violations at the end of those stages might be difficult to fix during the post-placement implementation flow and could be the result of non-optimal XDC constraints or non-optimal design architecture
Related violations: <none>

TIMING-16#101 Warning
Large setup violation  
There is a large setup violation of -5.542 ns between InputData[30] (clocked by clk) and addresses_reg_0_255_30_30/RAMS64E_A/I (clocked by clk). Large setup violations at the end of those stages might be difficult to fix during the post-placement implementation flow and could be the result of non-optimal XDC constraints or non-optimal design architecture
Related violations: <none>

TIMING-16#102 Warning
Large setup violation  
There is a large setup violation of -5.544 ns between InputData[12] (clocked by clk) and addresses_reg_0_255_12_12/RAMS64E_A/I (clocked by clk). Large setup violations at the end of those stages might be difficult to fix during the post-placement implementation flow and could be the result of non-optimal XDC constraints or non-optimal design architecture
Related violations: <none>

TIMING-16#103 Warning
Large setup violation  
There is a large setup violation of -5.544 ns between InputData[7] (clocked by clk) and addresses_reg_0_255_7_7/RAMS64E_A/I (clocked by clk). Large setup violations at the end of those stages might be difficult to fix during the post-placement implementation flow and could be the result of non-optimal XDC constraints or non-optimal design architecture
Related violations: <none>

TIMING-16#104 Warning
Large setup violation  
There is a large setup violation of -5.545 ns between InputData[10] (clocked by clk) and addresses_reg_0_255_10_10/RAMS64E_A/I (clocked by clk). Large setup violations at the end of those stages might be difficult to fix during the post-placement implementation flow and could be the result of non-optimal XDC constraints or non-optimal design architecture
Related violations: <none>

TIMING-16#105 Warning
Large setup violation  
There is a large setup violation of -5.547 ns between InputData[17] (clocked by clk) and addresses_reg_0_255_17_17/RAMS64E_A/I (clocked by clk). Large setup violations at the end of those stages might be difficult to fix during the post-placement implementation flow and could be the result of non-optimal XDC constraints or non-optimal design architecture
Related violations: <none>

TIMING-16#106 Warning
Large setup violation  
There is a large setup violation of -5.548 ns between InputData[22] (clocked by clk) and addresses_reg_0_255_22_22/RAMS64E_A/I (clocked by clk). Large setup violations at the end of those stages might be difficult to fix during the post-placement implementation flow and could be the result of non-optimal XDC constraints or non-optimal design architecture
Related violations: <none>

TIMING-16#107 Warning
Large setup violation  
There is a large setup violation of -5.552 ns between InputData[19] (clocked by clk) and addresses_reg_0_255_19_19/RAMS64E_A/I (clocked by clk). Large setup violations at the end of those stages might be difficult to fix during the post-placement implementation flow and could be the result of non-optimal XDC constraints or non-optimal design architecture
Related violations: <none>

TIMING-16#108 Warning
Large setup violation  
There is a large setup violation of -5.554 ns between InputData[21] (clocked by clk) and addresses_reg_0_255_21_21/RAMS64E_A/I (clocked by clk). Large setup violations at the end of those stages might be difficult to fix during the post-placement implementation flow and could be the result of non-optimal XDC constraints or non-optimal design architecture
Related violations: <none>

TIMING-16#109 Warning
Large setup violation  
There is a large setup violation of -5.555 ns between InputData[29] (clocked by clk) and addresses_reg_0_255_29_29/RAMS64E_A/I (clocked by clk). Large setup violations at the end of those stages might be difficult to fix during the post-placement implementation flow and could be the result of non-optimal XDC constraints or non-optimal design architecture
Related violations: <none>

TIMING-16#110 Warning
Large setup violation  
There is a large setup violation of -5.558 ns between InputData[16] (clocked by clk) and addresses_reg_0_255_16_16/RAMS64E_A/I (clocked by clk). Large setup violations at the end of those stages might be difficult to fix during the post-placement implementation flow and could be the result of non-optimal XDC constraints or non-optimal design architecture
Related violations: <none>

TIMING-16#111 Warning
Large setup violation  
There is a large setup violation of -5.558 ns between InputData[31] (clocked by clk) and addresses_reg_0_255_31_31/RAMS64E_A/I (clocked by clk). Large setup violations at the end of those stages might be difficult to fix during the post-placement implementation flow and could be the result of non-optimal XDC constraints or non-optimal design architecture
Related violations: <none>

TIMING-16#112 Warning
Large setup violation  
There is a large setup violation of -5.563 ns between InputData[2] (clocked by clk) and addresses_reg_0_255_2_2/RAMS64E_A/I (clocked by clk). Large setup violations at the end of those stages might be difficult to fix during the post-placement implementation flow and could be the result of non-optimal XDC constraints or non-optimal design architecture
Related violations: <none>

TIMING-16#113 Warning
Large setup violation  
There is a large setup violation of -5.563 ns between InputData[8] (clocked by clk) and addresses_reg_0_255_8_8/RAMS64E_A/I (clocked by clk). Large setup violations at the end of those stages might be difficult to fix during the post-placement implementation flow and could be the result of non-optimal XDC constraints or non-optimal design architecture
Related violations: <none>

TIMING-16#114 Warning
Large setup violation  
There is a large setup violation of -5.563 ns between InputData[9] (clocked by clk) and addresses_reg_0_255_9_9/RAMS64E_A/I (clocked by clk). Large setup violations at the end of those stages might be difficult to fix during the post-placement implementation flow and could be the result of non-optimal XDC constraints or non-optimal design architecture
Related violations: <none>

TIMING-16#115 Warning
Large setup violation  
There is a large setup violation of -5.569 ns between InputData[6] (clocked by clk) and addresses_reg_0_255_6_6/RAMS64E_A/I (clocked by clk). Large setup violations at the end of those stages might be difficult to fix during the post-placement implementation flow and could be the result of non-optimal XDC constraints or non-optimal design architecture
Related violations: <none>

TIMING-16#116 Warning
Large setup violation  
There is a large setup violation of -5.573 ns between InputData[5] (clocked by clk) and addresses_reg_0_255_5_5/RAMS64E_A/I (clocked by clk). Large setup violations at the end of those stages might be difficult to fix during the post-placement implementation flow and could be the result of non-optimal XDC constraints or non-optimal design architecture
Related violations: <none>

TIMING-16#117 Warning
Large setup violation  
There is a large setup violation of -5.575 ns between InputData[14] (clocked by clk) and addresses_reg_0_255_14_14/RAMS64E_A/I (clocked by clk). Large setup violations at the end of those stages might be difficult to fix during the post-placement implementation flow and could be the result of non-optimal XDC constraints or non-optimal design architecture
Related violations: <none>

TIMING-16#118 Warning
Large setup violation  
There is a large setup violation of -5.585 ns between InputData[0] (clocked by clk) and addresses_reg_0_255_0_0/RAMS64E_A/I (clocked by clk). Large setup violations at the end of those stages might be difficult to fix during the post-placement implementation flow and could be the result of non-optimal XDC constraints or non-optimal design architecture
Related violations: <none>

TIMING-16#119 Warning
Large setup violation  
There is a large setup violation of -5.591 ns between InputData[4] (clocked by clk) and addresses_reg_0_255_4_4/RAMS64E_A/I (clocked by clk). Large setup violations at the end of those stages might be difficult to fix during the post-placement implementation flow and could be the result of non-optimal XDC constraints or non-optimal design architecture
Related violations: <none>

TIMING-16#120 Warning
Large setup violation  
There is a large setup violation of -5.603 ns between InputData[25] (clocked by clk) and addresses_reg_0_255_25_25/RAMS64E_A/I (clocked by clk). Large setup violations at the end of those stages might be difficult to fix during the post-placement implementation flow and could be the result of non-optimal XDC constraints or non-optimal design architecture
Related violations: <none>

TIMING-16#121 Warning
Large setup violation  
There is a large setup violation of -5.603 ns between InputData[27] (clocked by clk) and addresses_reg_0_255_27_27/RAMS64E_A/I (clocked by clk). Large setup violations at the end of those stages might be difficult to fix during the post-placement implementation flow and could be the result of non-optimal XDC constraints or non-optimal design architecture
Related violations: <none>

TIMING-16#122 Warning
Large setup violation  
There is a large setup violation of -5.610 ns between InputData[13] (clocked by clk) and addresses_reg_0_255_13_13/RAMS64E_A/I (clocked by clk). Large setup violations at the end of those stages might be difficult to fix during the post-placement implementation flow and could be the result of non-optimal XDC constraints or non-optimal design architecture
Related violations: <none>

TIMING-16#123 Warning
Large setup violation  
There is a large setup violation of -5.610 ns between InputData[20] (clocked by clk) and addresses_reg_0_255_20_20/RAMS64E_A/I (clocked by clk). Large setup violations at the end of those stages might be difficult to fix during the post-placement implementation flow and could be the result of non-optimal XDC constraints or non-optimal design architecture
Related violations: <none>

TIMING-16#124 Warning
Large setup violation  
There is a large setup violation of -5.611 ns between InputData[24] (clocked by clk) and addresses_reg_0_255_24_24/RAMS64E_A/I (clocked by clk). Large setup violations at the end of those stages might be difficult to fix during the post-placement implementation flow and could be the result of non-optimal XDC constraints or non-optimal design architecture
Related violations: <none>

TIMING-16#125 Warning
Large setup violation  
There is a large setup violation of -5.616 ns between InputData[23] (clocked by clk) and addresses_reg_0_255_23_23/RAMS64E_A/I (clocked by clk). Large setup violations at the end of those stages might be difficult to fix during the post-placement implementation flow and could be the result of non-optimal XDC constraints or non-optimal design architecture
Related violations: <none>

TIMING-16#126 Warning
Large setup violation  
There is a large setup violation of -5.617 ns between InputData[26] (clocked by clk) and addresses_reg_0_255_26_26/RAMS64E_A/I (clocked by clk). Large setup violations at the end of those stages might be difficult to fix during the post-placement implementation flow and could be the result of non-optimal XDC constraints or non-optimal design architecture
Related violations: <none>

TIMING-16#127 Warning
Large setup violation  
There is a large setup violation of -5.629 ns between InputData[15] (clocked by clk) and addresses_reg_0_255_15_15/RAMS64E_A/I (clocked by clk). Large setup violations at the end of those stages might be difficult to fix during the post-placement implementation flow and could be the result of non-optimal XDC constraints or non-optimal design architecture
Related violations: <none>

TIMING-16#128 Warning
Large setup violation  
There is a large setup violation of -5.631 ns between InputData[28] (clocked by clk) and addresses_reg_0_255_28_28/RAMS64E_A/I (clocked by clk). Large setup violations at the end of those stages might be difficult to fix during the post-placement implementation flow and could be the result of non-optimal XDC constraints or non-optimal design architecture
Related violations: <none>

TIMING-18#1 Warning
Missing input or output delay  
An input delay is missing on Address[0] relative to clock(s) clk 
Related violations: <none>

TIMING-18#2 Warning
Missing input or output delay  
An input delay is missing on Address[1] relative to clock(s) clk 
Related violations: <none>

TIMING-18#3 Warning
Missing input or output delay  
An input delay is missing on Address[2] relative to clock(s) clk 
Related violations: <none>

TIMING-18#4 Warning
Missing input or output delay  
An input delay is missing on Address[3] relative to clock(s) clk 
Related violations: <none>

TIMING-18#5 Warning
Missing input or output delay  
An input delay is missing on Address[4] relative to clock(s) clk 
Related violations: <none>

TIMING-18#6 Warning
Missing input or output delay  
An input delay is missing on Address[5] relative to clock(s) clk 
Related violations: <none>

TIMING-18#7 Warning
Missing input or output delay  
An input delay is missing on Address[6] relative to clock(s) clk 
Related violations: <none>

TIMING-18#8 Warning
Missing input or output delay  
An input delay is missing on Address[7] relative to clock(s) clk 
Related violations: <none>

TIMING-18#9 Warning
Missing input or output delay  
An input delay is missing on WriteEnable relative to clock(s) clk 
Related violations: <none>

TIMING-18#10 Warning
Missing input or output delay  
An output delay is missing on OutputData[0] relative to clock(s) clk 
Related violations: <none>

TIMING-18#11 Warning
Missing input or output delay  
An output delay is missing on OutputData[10] relative to clock(s) clk 
Related violations: <none>

TIMING-18#12 Warning
Missing input or output delay  
An output delay is missing on OutputData[11] relative to clock(s) clk 
Related violations: <none>

TIMING-18#13 Warning
Missing input or output delay  
An output delay is missing on OutputData[12] relative to clock(s) clk 
Related violations: <none>

TIMING-18#14 Warning
Missing input or output delay  
An output delay is missing on OutputData[13] relative to clock(s) clk 
Related violations: <none>

TIMING-18#15 Warning
Missing input or output delay  
An output delay is missing on OutputData[14] relative to clock(s) clk 
Related violations: <none>

TIMING-18#16 Warning
Missing input or output delay  
An output delay is missing on OutputData[15] relative to clock(s) clk 
Related violations: <none>

TIMING-18#17 Warning
Missing input or output delay  
An output delay is missing on OutputData[16] relative to clock(s) clk 
Related violations: <none>

TIMING-18#18 Warning
Missing input or output delay  
An output delay is missing on OutputData[17] relative to clock(s) clk 
Related violations: <none>

TIMING-18#19 Warning
Missing input or output delay  
An output delay is missing on OutputData[18] relative to clock(s) clk 
Related violations: <none>

TIMING-18#20 Warning
Missing input or output delay  
An output delay is missing on OutputData[19] relative to clock(s) clk 
Related violations: <none>

TIMING-18#21 Warning
Missing input or output delay  
An output delay is missing on OutputData[1] relative to clock(s) clk 
Related violations: <none>

TIMING-18#22 Warning
Missing input or output delay  
An output delay is missing on OutputData[20] relative to clock(s) clk 
Related violations: <none>

TIMING-18#23 Warning
Missing input or output delay  
An output delay is missing on OutputData[21] relative to clock(s) clk 
Related violations: <none>

TIMING-18#24 Warning
Missing input or output delay  
An output delay is missing on OutputData[22] relative to clock(s) clk 
Related violations: <none>

TIMING-18#25 Warning
Missing input or output delay  
An output delay is missing on OutputData[23] relative to clock(s) clk 
Related violations: <none>

TIMING-18#26 Warning
Missing input or output delay  
An output delay is missing on OutputData[24] relative to clock(s) clk 
Related violations: <none>

TIMING-18#27 Warning
Missing input or output delay  
An output delay is missing on OutputData[25] relative to clock(s) clk 
Related violations: <none>

TIMING-18#28 Warning
Missing input or output delay  
An output delay is missing on OutputData[26] relative to clock(s) clk 
Related violations: <none>

TIMING-18#29 Warning
Missing input or output delay  
An output delay is missing on OutputData[27] relative to clock(s) clk 
Related violations: <none>

TIMING-18#30 Warning
Missing input or output delay  
An output delay is missing on OutputData[28] relative to clock(s) clk 
Related violations: <none>

TIMING-18#31 Warning
Missing input or output delay  
An output delay is missing on OutputData[29] relative to clock(s) clk 
Related violations: <none>

TIMING-18#32 Warning
Missing input or output delay  
An output delay is missing on OutputData[2] relative to clock(s) clk 
Related violations: <none>

TIMING-18#33 Warning
Missing input or output delay  
An output delay is missing on OutputData[30] relative to clock(s) clk 
Related violations: <none>

TIMING-18#34 Warning
Missing input or output delay  
An output delay is missing on OutputData[31] relative to clock(s) clk 
Related violations: <none>

TIMING-18#35 Warning
Missing input or output delay  
An output delay is missing on OutputData[3] relative to clock(s) clk 
Related violations: <none>

TIMING-18#36 Warning
Missing input or output delay  
An output delay is missing on OutputData[4] relative to clock(s) clk 
Related violations: <none>

TIMING-18#37 Warning
Missing input or output delay  
An output delay is missing on OutputData[5] relative to clock(s) clk 
Related violations: <none>

TIMING-18#38 Warning
Missing input or output delay  
An output delay is missing on OutputData[6] relative to clock(s) clk 
Related violations: <none>

TIMING-18#39 Warning
Missing input or output delay  
An output delay is missing on OutputData[7] relative to clock(s) clk 
Related violations: <none>

TIMING-18#40 Warning
Missing input or output delay  
An output delay is missing on OutputData[8] relative to clock(s) clk 
Related violations: <none>

TIMING-18#41 Warning
Missing input or output delay  
An output delay is missing on OutputData[9] relative to clock(s) clk 
Related violations: <none>


