#-----------------------------------------------------------
# Vivado v2016.4 (64-bit)
# SW Build 1756540 on Mon Jan 23 19:11:23 MST 2017
# IP Build 1755317 on Mon Jan 23 20:30:07 MST 2017
# Start of session at: Thu Apr 20 01:30:05 2017
# Process ID: 10160
# Current directory: C:/Users/britt.ahlgrim/Desktop/marquette/years/2016-2017/semester 2/Computer Hardware/gitRepo/SRAM
# Command line: vivado.exe -gui_launcher_event rodinguilauncherevent12092 C:\Users\britt.ahlgrim\Desktop\marquette\years\2016-2017\semester 2\Computer Hardware\gitRepo\SRAM\SRAM.xpr
# Log file: C:/Users/britt.ahlgrim/Desktop/marquette/years/2016-2017/semester 2/Computer Hardware/gitRepo/SRAM/vivado.log
# Journal file: C:/Users/britt.ahlgrim/Desktop/marquette/years/2016-2017/semester 2/Computer Hardware/gitRepo/SRAM\vivado.jou
#-----------------------------------------------------------
start_gui
open_project {C:/Users/britt.ahlgrim/Desktop/marquette/years/2016-2017/semester 2/Computer Hardware/gitRepo/SRAM/SRAM.xpr}
INFO: [ProjectBase 1-489] The host OS only allows 260 characters in a normal path. The project is stored in a path with more than 80 characters. If you experience issues with IP, Block Designs, or files not being found, please consider moving the project to a location with a shorter path. Alternately consider using the OS subst command to map part of the path to a drive letter.
Current project path is 'C:/Users/britt.ahlgrim/Desktop/marquette/years/2016-2017/semester 2/Computer Hardware/gitRepo/SRAM'
INFO: [Project 1-313] Project file moved from 'C:/Users/Chris Procak/Documents/2016-2017/Computer Hardware/SRAM' since last save.
CRITICAL WARNING: [Project 1-311] Could not find the file 'C:/Users/britt.ahlgrim/Desktop/marquette/years/2016-2017/semester 2/Computer Hardware/gitRepo/PROJECTS_23_LEARNING_FILES/Tutorial/Basys3_Master.xdc', nor could it be found using path 'C:/Users/Chris Procak/Documents/2016-2017/Computer Hardware/PROJECTS_23_LEARNING_FILES/Tutorial/Basys3_Master.xdc'.
Scanning sources...
Finished scanning sources
INFO: [IP_Flow 19-234] Refreshing IP repositories
INFO: [IP_Flow 19-1704] No user IP repositories specified
INFO: [IP_Flow 19-2313] Loaded Vivado IP repository 'C:/Xilinx/Vivado/2016.4/data/ip'.
open_project: Time (s): cpu = 00:00:21 ; elapsed = 00:00:09 . Memory (MB): peak = 778.211 ; gain = 104.934
