Copyright 1986-2016 Xilinx, Inc. All Rights Reserved.
-------------------------------------------------------------------------------------------------------------
| Tool Version : Vivado v.2016.4 (win64) Build 1756540 Mon Jan 23 19:11:23 MST 2017
| Date         : Wed Apr 19 19:34:16 2017
| Host         : brittahlgrim-PC running 64-bit major release  (build 9200)
| Command      : report_methodology -file ALU_methodology_drc_routed.rpt -rpx ALU_methodology_drc_routed.rpx
| Design       : ALU
| Device       : xc7a50tcsg324-1
| Speed File   : -1
| Design State : Routed
-------------------------------------------------------------------------------------------------------------

Report Methodology

Table of Contents
-----------------
1. REPORT SUMMARY
2. REPORT DETAILS

1. REPORT SUMMARY
-----------------
            Netlist: netlist
          Floorplan: design_1
      Design limits: <entire design considered>
             Max violations: <unlimited>
             Violations found: 167
+-----------+------------------+-------------------------------+------------+
| Rule      | Severity         | Description                   | Violations |
+-----------+------------------+-------------------------------+------------+
| TIMING-23 | Critical Warning | Combinatorial loop found      | 32         |
| TIMING-18 | Warning          | Missing input or output delay | 103        |
| TIMING-20 | Warning          | Non-clocked latch             | 32         |
+-----------+------------------+-------------------------------+------------+

2. REPORT DETAILS
-----------------
TIMING-23#1 Critical Warning
Combinatorial loop found  
A timing loop has been detected on a combinational path. A timing arc has been disabled between Overflow_OBUF_inst_i_3/I0 and Overflow_OBUF_inst_i_3/O to disable the timing loop
Related violations: <none>

TIMING-23#2 Critical Warning
Combinatorial loop found  
A timing loop has been detected on a combinational path. A timing arc has been disabled between arithmetic/a31/cinToUse_reg_i_2__27/I0 and arithmetic/a31/cinToUse_reg_i_2__27/O to disable the timing loop
Related violations: <none>

TIMING-23#3 Critical Warning
Combinatorial loop found  
A timing loop has been detected on a combinational path. A timing arc has been disabled between arithmetic/a31/cinToUse_reg_i_2__28/I0 and arithmetic/a31/cinToUse_reg_i_2__28/O to disable the timing loop
Related violations: <none>

TIMING-23#4 Critical Warning
Combinatorial loop found  
A timing loop has been detected on a combinational path. A timing arc has been disabled between arithmetic/a31/cinToUse_reg_i_2__29/I0 and arithmetic/a31/cinToUse_reg_i_2__29/O to disable the timing loop
Related violations: <none>

TIMING-23#5 Critical Warning
Combinatorial loop found  
A timing loop has been detected on a combinational path. A timing arc has been disabled between arithmetic/a31/cinToUse_reg_i_4__7/I0 and arithmetic/a31/cinToUse_reg_i_4__7/O to disable the timing loop
Related violations: <none>

TIMING-23#6 Critical Warning
Combinatorial loop found  
A timing loop has been detected on a combinational path. A timing arc has been disabled between arithmetic/stage[10].as/cinToUse_reg_i_2__10/I0 and arithmetic/stage[10].as/cinToUse_reg_i_2__10/O to disable the timing loop
Related violations: <none>

TIMING-23#7 Critical Warning
Combinatorial loop found  
A timing loop has been detected on a combinational path. A timing arc has been disabled between arithmetic/stage[10].as/cinToUse_reg_i_2__11/I0 and arithmetic/stage[10].as/cinToUse_reg_i_2__11/O to disable the timing loop
Related violations: <none>

TIMING-23#8 Critical Warning
Combinatorial loop found  
A timing loop has been detected on a combinational path. A timing arc has been disabled between arithmetic/stage[10].as/cinToUse_reg_i_2__9/I0 and arithmetic/stage[10].as/cinToUse_reg_i_2__9/O to disable the timing loop
Related violations: <none>

TIMING-23#9 Critical Warning
Combinatorial loop found  
A timing loop has been detected on a combinational path. A timing arc has been disabled between arithmetic/stage[10].as/cinToUse_reg_i_4__1/I0 and arithmetic/stage[10].as/cinToUse_reg_i_4__1/O to disable the timing loop
Related violations: <none>

TIMING-23#10 Critical Warning
Combinatorial loop found  
A timing loop has been detected on a combinational path. A timing arc has been disabled between arithmetic/stage[14].as/cinToUse_reg_i_2__12/I0 and arithmetic/stage[14].as/cinToUse_reg_i_2__12/O to disable the timing loop
Related violations: <none>

TIMING-23#11 Critical Warning
Combinatorial loop found  
A timing loop has been detected on a combinational path. A timing arc has been disabled between arithmetic/stage[14].as/cinToUse_reg_i_2__13/I0 and arithmetic/stage[14].as/cinToUse_reg_i_2__13/O to disable the timing loop
Related violations: <none>

TIMING-23#12 Critical Warning
Combinatorial loop found  
A timing loop has been detected on a combinational path. A timing arc has been disabled between arithmetic/stage[14].as/cinToUse_reg_i_2__14/I0 and arithmetic/stage[14].as/cinToUse_reg_i_2__14/O to disable the timing loop
Related violations: <none>

TIMING-23#13 Critical Warning
Combinatorial loop found  
A timing loop has been detected on a combinational path. A timing arc has been disabled between arithmetic/stage[14].as/cinToUse_reg_i_4__2/I0 and arithmetic/stage[14].as/cinToUse_reg_i_4__2/O to disable the timing loop
Related violations: <none>

TIMING-23#14 Critical Warning
Combinatorial loop found  
A timing loop has been detected on a combinational path. A timing arc has been disabled between arithmetic/stage[18].as/cinToUse_reg_i_2__15/I0 and arithmetic/stage[18].as/cinToUse_reg_i_2__15/O to disable the timing loop
Related violations: <none>

TIMING-23#15 Critical Warning
Combinatorial loop found  
A timing loop has been detected on a combinational path. A timing arc has been disabled between arithmetic/stage[18].as/cinToUse_reg_i_2__16/I0 and arithmetic/stage[18].as/cinToUse_reg_i_2__16/O to disable the timing loop
Related violations: <none>

TIMING-23#16 Critical Warning
Combinatorial loop found  
A timing loop has been detected on a combinational path. A timing arc has been disabled between arithmetic/stage[18].as/cinToUse_reg_i_2__17/I0 and arithmetic/stage[18].as/cinToUse_reg_i_2__17/O to disable the timing loop
Related violations: <none>

TIMING-23#17 Critical Warning
Combinatorial loop found  
A timing loop has been detected on a combinational path. A timing arc has been disabled between arithmetic/stage[18].as/cinToUse_reg_i_4__3/I0 and arithmetic/stage[18].as/cinToUse_reg_i_4__3/O to disable the timing loop
Related violations: <none>

TIMING-23#18 Critical Warning
Combinatorial loop found  
A timing loop has been detected on a combinational path. A timing arc has been disabled between arithmetic/stage[22].as/cinToUse_reg_i_2__18/I0 and arithmetic/stage[22].as/cinToUse_reg_i_2__18/O to disable the timing loop
Related violations: <none>

TIMING-23#19 Critical Warning
Combinatorial loop found  
A timing loop has been detected on a combinational path. A timing arc has been disabled between arithmetic/stage[22].as/cinToUse_reg_i_2__19/I0 and arithmetic/stage[22].as/cinToUse_reg_i_2__19/O to disable the timing loop
Related violations: <none>

TIMING-23#20 Critical Warning
Combinatorial loop found  
A timing loop has been detected on a combinational path. A timing arc has been disabled between arithmetic/stage[22].as/cinToUse_reg_i_2__20/I0 and arithmetic/stage[22].as/cinToUse_reg_i_2__20/O to disable the timing loop
Related violations: <none>

TIMING-23#21 Critical Warning
Combinatorial loop found  
A timing loop has been detected on a combinational path. A timing arc has been disabled between arithmetic/stage[22].as/cinToUse_reg_i_4__4/I0 and arithmetic/stage[22].as/cinToUse_reg_i_4__4/O to disable the timing loop
Related violations: <none>

TIMING-23#22 Critical Warning
Combinatorial loop found  
A timing loop has been detected on a combinational path. A timing arc has been disabled between arithmetic/stage[26].as/cinToUse_reg_i_2__21/I0 and arithmetic/stage[26].as/cinToUse_reg_i_2__21/O to disable the timing loop
Related violations: <none>

TIMING-23#23 Critical Warning
Combinatorial loop found  
A timing loop has been detected on a combinational path. A timing arc has been disabled between arithmetic/stage[26].as/cinToUse_reg_i_2__22/I0 and arithmetic/stage[26].as/cinToUse_reg_i_2__22/O to disable the timing loop
Related violations: <none>

TIMING-23#24 Critical Warning
Combinatorial loop found  
A timing loop has been detected on a combinational path. A timing arc has been disabled between arithmetic/stage[26].as/cinToUse_reg_i_2__23/I0 and arithmetic/stage[26].as/cinToUse_reg_i_2__23/O to disable the timing loop
Related violations: <none>

TIMING-23#25 Critical Warning
Combinatorial loop found  
A timing loop has been detected on a combinational path. A timing arc has been disabled between arithmetic/stage[26].as/cinToUse_reg_i_4__5/I0 and arithmetic/stage[26].as/cinToUse_reg_i_4__5/O to disable the timing loop
Related violations: <none>

TIMING-23#26 Critical Warning
Combinatorial loop found  
A timing loop has been detected on a combinational path. A timing arc has been disabled between arithmetic/stage[30].as/cinToUse_reg_i_2__24/I0 and arithmetic/stage[30].as/cinToUse_reg_i_2__24/O to disable the timing loop
Related violations: <none>

TIMING-23#27 Critical Warning
Combinatorial loop found  
A timing loop has been detected on a combinational path. A timing arc has been disabled between arithmetic/stage[30].as/cinToUse_reg_i_2__25/I0 and arithmetic/stage[30].as/cinToUse_reg_i_2__25/O to disable the timing loop
Related violations: <none>

TIMING-23#28 Critical Warning
Combinatorial loop found  
A timing loop has been detected on a combinational path. A timing arc has been disabled between arithmetic/stage[30].as/cinToUse_reg_i_2__26/I0 and arithmetic/stage[30].as/cinToUse_reg_i_2__26/O to disable the timing loop
Related violations: <none>

TIMING-23#29 Critical Warning
Combinatorial loop found  
A timing loop has been detected on a combinational path. A timing arc has been disabled between arithmetic/stage[30].as/cinToUse_reg_i_4__6/I0 and arithmetic/stage[30].as/cinToUse_reg_i_4__6/O to disable the timing loop
Related violations: <none>

TIMING-23#30 Critical Warning
Combinatorial loop found  
A timing loop has been detected on a combinational path. A timing arc has been disabled between arithmetic/stage[6].as/cinToUse_reg_i_2__6/I0 and arithmetic/stage[6].as/cinToUse_reg_i_2__6/O to disable the timing loop
Related violations: <none>

TIMING-23#31 Critical Warning
Combinatorial loop found  
A timing loop has been detected on a combinational path. A timing arc has been disabled between arithmetic/stage[6].as/cinToUse_reg_i_2__8/I0 and arithmetic/stage[6].as/cinToUse_reg_i_2__8/O to disable the timing loop
Related violations: <none>

TIMING-23#32 Critical Warning
Combinatorial loop found  
A timing loop has been detected on a combinational path. A timing arc has been disabled between arithmetic/stage[6].as/cinToUse_reg_i_4__0/I0 and arithmetic/stage[6].as/cinToUse_reg_i_4__0/O to disable the timing loop
Related violations: <none>

TIMING-18#1 Warning
Missing input or output delay  
An input delay is missing on A[0] relative to clock(s) sys_clk_pin 
Related violations: <none>

TIMING-18#2 Warning
Missing input or output delay  
An input delay is missing on A[10] relative to clock(s) sys_clk_pin 
Related violations: <none>

TIMING-18#3 Warning
Missing input or output delay  
An input delay is missing on A[11] relative to clock(s) sys_clk_pin 
Related violations: <none>

TIMING-18#4 Warning
Missing input or output delay  
An input delay is missing on A[12] relative to clock(s) sys_clk_pin 
Related violations: <none>

TIMING-18#5 Warning
Missing input or output delay  
An input delay is missing on A[13] relative to clock(s) sys_clk_pin 
Related violations: <none>

TIMING-18#6 Warning
Missing input or output delay  
An input delay is missing on A[14] relative to clock(s) sys_clk_pin 
Related violations: <none>

TIMING-18#7 Warning
Missing input or output delay  
An input delay is missing on A[15] relative to clock(s) sys_clk_pin 
Related violations: <none>

TIMING-18#8 Warning
Missing input or output delay  
An input delay is missing on A[16] relative to clock(s) sys_clk_pin 
Related violations: <none>

TIMING-18#9 Warning
Missing input or output delay  
An input delay is missing on A[17] relative to clock(s) sys_clk_pin 
Related violations: <none>

TIMING-18#10 Warning
Missing input or output delay  
An input delay is missing on A[18] relative to clock(s) sys_clk_pin 
Related violations: <none>

TIMING-18#11 Warning
Missing input or output delay  
An input delay is missing on A[19] relative to clock(s) sys_clk_pin 
Related violations: <none>

TIMING-18#12 Warning
Missing input or output delay  
An input delay is missing on A[1] relative to clock(s) sys_clk_pin 
Related violations: <none>

TIMING-18#13 Warning
Missing input or output delay  
An input delay is missing on A[20] relative to clock(s) sys_clk_pin 
Related violations: <none>

TIMING-18#14 Warning
Missing input or output delay  
An input delay is missing on A[21] relative to clock(s) sys_clk_pin 
Related violations: <none>

TIMING-18#15 Warning
Missing input or output delay  
An input delay is missing on A[22] relative to clock(s) sys_clk_pin 
Related violations: <none>

TIMING-18#16 Warning
Missing input or output delay  
An input delay is missing on A[23] relative to clock(s) sys_clk_pin 
Related violations: <none>

TIMING-18#17 Warning
Missing input or output delay  
An input delay is missing on A[24] relative to clock(s) sys_clk_pin 
Related violations: <none>

TIMING-18#18 Warning
Missing input or output delay  
An input delay is missing on A[25] relative to clock(s) sys_clk_pin 
Related violations: <none>

TIMING-18#19 Warning
Missing input or output delay  
An input delay is missing on A[26] relative to clock(s) sys_clk_pin 
Related violations: <none>

TIMING-18#20 Warning
Missing input or output delay  
An input delay is missing on A[27] relative to clock(s) sys_clk_pin 
Related violations: <none>

TIMING-18#21 Warning
Missing input or output delay  
An input delay is missing on A[28] relative to clock(s) sys_clk_pin 
Related violations: <none>

TIMING-18#22 Warning
Missing input or output delay  
An input delay is missing on A[29] relative to clock(s) sys_clk_pin 
Related violations: <none>

TIMING-18#23 Warning
Missing input or output delay  
An input delay is missing on A[2] relative to clock(s) sys_clk_pin 
Related violations: <none>

TIMING-18#24 Warning
Missing input or output delay  
An input delay is missing on A[30] relative to clock(s) sys_clk_pin 
Related violations: <none>

TIMING-18#25 Warning
Missing input or output delay  
An input delay is missing on A[31] relative to clock(s) sys_clk_pin 
Related violations: <none>

TIMING-18#26 Warning
Missing input or output delay  
An input delay is missing on A[3] relative to clock(s) sys_clk_pin 
Related violations: <none>

TIMING-18#27 Warning
Missing input or output delay  
An input delay is missing on A[4] relative to clock(s) sys_clk_pin 
Related violations: <none>

TIMING-18#28 Warning
Missing input or output delay  
An input delay is missing on A[5] relative to clock(s) sys_clk_pin 
Related violations: <none>

TIMING-18#29 Warning
Missing input or output delay  
An input delay is missing on A[6] relative to clock(s) sys_clk_pin 
Related violations: <none>

TIMING-18#30 Warning
Missing input or output delay  
An input delay is missing on A[7] relative to clock(s) sys_clk_pin 
Related violations: <none>

TIMING-18#31 Warning
Missing input or output delay  
An input delay is missing on A[8] relative to clock(s) sys_clk_pin 
Related violations: <none>

TIMING-18#32 Warning
Missing input or output delay  
An input delay is missing on A[9] relative to clock(s) sys_clk_pin 
Related violations: <none>

TIMING-18#33 Warning
Missing input or output delay  
An input delay is missing on B[0] relative to clock(s) sys_clk_pin 
Related violations: <none>

TIMING-18#34 Warning
Missing input or output delay  
An input delay is missing on B[10] relative to clock(s) sys_clk_pin 
Related violations: <none>

TIMING-18#35 Warning
Missing input or output delay  
An input delay is missing on B[11] relative to clock(s) sys_clk_pin 
Related violations: <none>

TIMING-18#36 Warning
Missing input or output delay  
An input delay is missing on B[12] relative to clock(s) sys_clk_pin 
Related violations: <none>

TIMING-18#37 Warning
Missing input or output delay  
An input delay is missing on B[13] relative to clock(s) sys_clk_pin 
Related violations: <none>

TIMING-18#38 Warning
Missing input or output delay  
An input delay is missing on B[14] relative to clock(s) sys_clk_pin 
Related violations: <none>

TIMING-18#39 Warning
Missing input or output delay  
An input delay is missing on B[15] relative to clock(s) sys_clk_pin 
Related violations: <none>

TIMING-18#40 Warning
Missing input or output delay  
An input delay is missing on B[16] relative to clock(s) sys_clk_pin 
Related violations: <none>

TIMING-18#41 Warning
Missing input or output delay  
An input delay is missing on B[17] relative to clock(s) sys_clk_pin 
Related violations: <none>

TIMING-18#42 Warning
Missing input or output delay  
An input delay is missing on B[18] relative to clock(s) sys_clk_pin 
Related violations: <none>

TIMING-18#43 Warning
Missing input or output delay  
An input delay is missing on B[19] relative to clock(s) sys_clk_pin 
Related violations: <none>

TIMING-18#44 Warning
Missing input or output delay  
An input delay is missing on B[1] relative to clock(s) sys_clk_pin 
Related violations: <none>

TIMING-18#45 Warning
Missing input or output delay  
An input delay is missing on B[20] relative to clock(s) sys_clk_pin 
Related violations: <none>

TIMING-18#46 Warning
Missing input or output delay  
An input delay is missing on B[21] relative to clock(s) sys_clk_pin 
Related violations: <none>

TIMING-18#47 Warning
Missing input or output delay  
An input delay is missing on B[22] relative to clock(s) sys_clk_pin 
Related violations: <none>

TIMING-18#48 Warning
Missing input or output delay  
An input delay is missing on B[23] relative to clock(s) sys_clk_pin 
Related violations: <none>

TIMING-18#49 Warning
Missing input or output delay  
An input delay is missing on B[24] relative to clock(s) sys_clk_pin 
Related violations: <none>

TIMING-18#50 Warning
Missing input or output delay  
An input delay is missing on B[25] relative to clock(s) sys_clk_pin 
Related violations: <none>

TIMING-18#51 Warning
Missing input or output delay  
An input delay is missing on B[26] relative to clock(s) sys_clk_pin 
Related violations: <none>

TIMING-18#52 Warning
Missing input or output delay  
An input delay is missing on B[27] relative to clock(s) sys_clk_pin 
Related violations: <none>

TIMING-18#53 Warning
Missing input or output delay  
An input delay is missing on B[28] relative to clock(s) sys_clk_pin 
Related violations: <none>

TIMING-18#54 Warning
Missing input or output delay  
An input delay is missing on B[29] relative to clock(s) sys_clk_pin 
Related violations: <none>

TIMING-18#55 Warning
Missing input or output delay  
An input delay is missing on B[2] relative to clock(s) sys_clk_pin 
Related violations: <none>

TIMING-18#56 Warning
Missing input or output delay  
An input delay is missing on B[30] relative to clock(s) sys_clk_pin 
Related violations: <none>

TIMING-18#57 Warning
Missing input or output delay  
An input delay is missing on B[31] relative to clock(s) sys_clk_pin 
Related violations: <none>

TIMING-18#58 Warning
Missing input or output delay  
An input delay is missing on B[3] relative to clock(s) sys_clk_pin 
Related violations: <none>

TIMING-18#59 Warning
Missing input or output delay  
An input delay is missing on B[4] relative to clock(s) sys_clk_pin 
Related violations: <none>

TIMING-18#60 Warning
Missing input or output delay  
An input delay is missing on B[5] relative to clock(s) sys_clk_pin 
Related violations: <none>

TIMING-18#61 Warning
Missing input or output delay  
An input delay is missing on B[6] relative to clock(s) sys_clk_pin 
Related violations: <none>

TIMING-18#62 Warning
Missing input or output delay  
An input delay is missing on B[7] relative to clock(s) sys_clk_pin 
Related violations: <none>

TIMING-18#63 Warning
Missing input or output delay  
An input delay is missing on B[8] relative to clock(s) sys_clk_pin 
Related violations: <none>

TIMING-18#64 Warning
Missing input or output delay  
An input delay is missing on B[9] relative to clock(s) sys_clk_pin 
Related violations: <none>

TIMING-18#65 Warning
Missing input or output delay  
An input delay is missing on Func[0] relative to clock(s) sys_clk_pin 
Related violations: <none>

TIMING-18#66 Warning
Missing input or output delay  
An input delay is missing on Func[1] relative to clock(s) sys_clk_pin 
Related violations: <none>

TIMING-18#67 Warning
Missing input or output delay  
An input delay is missing on Func[2] relative to clock(s) sys_clk_pin 
Related violations: <none>

TIMING-18#68 Warning
Missing input or output delay  
An input delay is missing on Func[3] relative to clock(s) sys_clk_pin 
Related violations: <none>

TIMING-18#69 Warning
Missing input or output delay  
An input delay is missing on Func[4] relative to clock(s) sys_clk_pin 
Related violations: <none>

TIMING-18#70 Warning
Missing input or output delay  
An input delay is missing on Func[5] relative to clock(s) sys_clk_pin 
Related violations: <none>

TIMING-18#71 Warning
Missing input or output delay  
An output delay is missing on Result[0] relative to clock(s) sys_clk_pin 
Related violations: <none>

TIMING-18#72 Warning
Missing input or output delay  
An output delay is missing on Result[10] relative to clock(s) sys_clk_pin 
Related violations: <none>

TIMING-18#73 Warning
Missing input or output delay  
An output delay is missing on Result[11] relative to clock(s) sys_clk_pin 
Related violations: <none>

TIMING-18#74 Warning
Missing input or output delay  
An output delay is missing on Result[12] relative to clock(s) sys_clk_pin 
Related violations: <none>

TIMING-18#75 Warning
Missing input or output delay  
An output delay is missing on Result[13] relative to clock(s) sys_clk_pin 
Related violations: <none>

TIMING-18#76 Warning
Missing input or output delay  
An output delay is missing on Result[14] relative to clock(s) sys_clk_pin 
Related violations: <none>

TIMING-18#77 Warning
Missing input or output delay  
An output delay is missing on Result[15] relative to clock(s) sys_clk_pin 
Related violations: <none>

TIMING-18#78 Warning
Missing input or output delay  
An output delay is missing on Result[16] relative to clock(s) sys_clk_pin 
Related violations: <none>

TIMING-18#79 Warning
Missing input or output delay  
An output delay is missing on Result[17] relative to clock(s) sys_clk_pin 
Related violations: <none>

TIMING-18#80 Warning
Missing input or output delay  
An output delay is missing on Result[18] relative to clock(s) sys_clk_pin 
Related violations: <none>

TIMING-18#81 Warning
Missing input or output delay  
An output delay is missing on Result[19] relative to clock(s) sys_clk_pin 
Related violations: <none>

TIMING-18#82 Warning
Missing input or output delay  
An output delay is missing on Result[1] relative to clock(s) sys_clk_pin 
Related violations: <none>

TIMING-18#83 Warning
Missing input or output delay  
An output delay is missing on Result[20] relative to clock(s) sys_clk_pin 
Related violations: <none>

TIMING-18#84 Warning
Missing input or output delay  
An output delay is missing on Result[21] relative to clock(s) sys_clk_pin 
Related violations: <none>

TIMING-18#85 Warning
Missing input or output delay  
An output delay is missing on Result[22] relative to clock(s) sys_clk_pin 
Related violations: <none>

TIMING-18#86 Warning
Missing input or output delay  
An output delay is missing on Result[23] relative to clock(s) sys_clk_pin 
Related violations: <none>

TIMING-18#87 Warning
Missing input or output delay  
An output delay is missing on Result[24] relative to clock(s) sys_clk_pin 
Related violations: <none>

TIMING-18#88 Warning
Missing input or output delay  
An output delay is missing on Result[25] relative to clock(s) sys_clk_pin 
Related violations: <none>

TIMING-18#89 Warning
Missing input or output delay  
An output delay is missing on Result[26] relative to clock(s) sys_clk_pin 
Related violations: <none>

TIMING-18#90 Warning
Missing input or output delay  
An output delay is missing on Result[27] relative to clock(s) sys_clk_pin 
Related violations: <none>

TIMING-18#91 Warning
Missing input or output delay  
An output delay is missing on Result[28] relative to clock(s) sys_clk_pin 
Related violations: <none>

TIMING-18#92 Warning
Missing input or output delay  
An output delay is missing on Result[29] relative to clock(s) sys_clk_pin 
Related violations: <none>

TIMING-18#93 Warning
Missing input or output delay  
An output delay is missing on Result[2] relative to clock(s) sys_clk_pin 
Related violations: <none>

TIMING-18#94 Warning
Missing input or output delay  
An output delay is missing on Result[30] relative to clock(s) sys_clk_pin 
Related violations: <none>

TIMING-18#95 Warning
Missing input or output delay  
An output delay is missing on Result[31] relative to clock(s) sys_clk_pin 
Related violations: <none>

TIMING-18#96 Warning
Missing input or output delay  
An output delay is missing on Result[3] relative to clock(s) sys_clk_pin 
Related violations: <none>

TIMING-18#97 Warning
Missing input or output delay  
An output delay is missing on Result[4] relative to clock(s) sys_clk_pin 
Related violations: <none>

TIMING-18#98 Warning
Missing input or output delay  
An output delay is missing on Result[5] relative to clock(s) sys_clk_pin 
Related violations: <none>

TIMING-18#99 Warning
Missing input or output delay  
An output delay is missing on Result[6] relative to clock(s) sys_clk_pin 
Related violations: <none>

TIMING-18#100 Warning
Missing input or output delay  
An output delay is missing on Result[7] relative to clock(s) sys_clk_pin 
Related violations: <none>

TIMING-18#101 Warning
Missing input or output delay  
An output delay is missing on Result[8] relative to clock(s) sys_clk_pin 
Related violations: <none>

TIMING-18#102 Warning
Missing input or output delay  
An output delay is missing on Result[9] relative to clock(s) sys_clk_pin 
Related violations: <none>

TIMING-18#103 Warning
Missing input or output delay  
An output delay is missing on Zeroflag relative to clock(s) sys_clk_pin 
Related violations: <none>

TIMING-20#1 Warning
Non-clocked latch  
The latch arithmetic/a0/cinToUse_reg cannot be properly analyzed as its control pin arithmetic/a0/cinToUse_reg/G is not reached by a timing clock
Related violations: <none>

TIMING-20#2 Warning
Non-clocked latch  
The latch arithmetic/a31/cinToUse_reg cannot be properly analyzed as its control pin arithmetic/a31/cinToUse_reg/G is not reached by a timing clock
Related violations: <none>

TIMING-20#3 Warning
Non-clocked latch  
The latch arithmetic/stage[10].as/cinToUse_reg cannot be properly analyzed as its control pin arithmetic/stage[10].as/cinToUse_reg/G is not reached by a timing clock
Related violations: <none>

TIMING-20#4 Warning
Non-clocked latch  
The latch arithmetic/stage[11].as/cinToUse_reg cannot be properly analyzed as its control pin arithmetic/stage[11].as/cinToUse_reg/G is not reached by a timing clock
Related violations: <none>

TIMING-20#5 Warning
Non-clocked latch  
The latch arithmetic/stage[12].as/cinToUse_reg cannot be properly analyzed as its control pin arithmetic/stage[12].as/cinToUse_reg/G is not reached by a timing clock
Related violations: <none>

TIMING-20#6 Warning
Non-clocked latch  
The latch arithmetic/stage[13].as/cinToUse_reg cannot be properly analyzed as its control pin arithmetic/stage[13].as/cinToUse_reg/G is not reached by a timing clock
Related violations: <none>

TIMING-20#7 Warning
Non-clocked latch  
The latch arithmetic/stage[14].as/cinToUse_reg cannot be properly analyzed as its control pin arithmetic/stage[14].as/cinToUse_reg/G is not reached by a timing clock
Related violations: <none>

TIMING-20#8 Warning
Non-clocked latch  
The latch arithmetic/stage[15].as/cinToUse_reg cannot be properly analyzed as its control pin arithmetic/stage[15].as/cinToUse_reg/G is not reached by a timing clock
Related violations: <none>

TIMING-20#9 Warning
Non-clocked latch  
The latch arithmetic/stage[16].as/cinToUse_reg cannot be properly analyzed as its control pin arithmetic/stage[16].as/cinToUse_reg/G is not reached by a timing clock
Related violations: <none>

TIMING-20#10 Warning
Non-clocked latch  
The latch arithmetic/stage[17].as/cinToUse_reg cannot be properly analyzed as its control pin arithmetic/stage[17].as/cinToUse_reg/G is not reached by a timing clock
Related violations: <none>

TIMING-20#11 Warning
Non-clocked latch  
The latch arithmetic/stage[18].as/cinToUse_reg cannot be properly analyzed as its control pin arithmetic/stage[18].as/cinToUse_reg/G is not reached by a timing clock
Related violations: <none>

TIMING-20#12 Warning
Non-clocked latch  
The latch arithmetic/stage[19].as/cinToUse_reg cannot be properly analyzed as its control pin arithmetic/stage[19].as/cinToUse_reg/G is not reached by a timing clock
Related violations: <none>

TIMING-20#13 Warning
Non-clocked latch  
The latch arithmetic/stage[1].as/cinToUse_reg cannot be properly analyzed as its control pin arithmetic/stage[1].as/cinToUse_reg/G is not reached by a timing clock
Related violations: <none>

TIMING-20#14 Warning
Non-clocked latch  
The latch arithmetic/stage[20].as/cinToUse_reg cannot be properly analyzed as its control pin arithmetic/stage[20].as/cinToUse_reg/G is not reached by a timing clock
Related violations: <none>

TIMING-20#15 Warning
Non-clocked latch  
The latch arithmetic/stage[21].as/cinToUse_reg cannot be properly analyzed as its control pin arithmetic/stage[21].as/cinToUse_reg/G is not reached by a timing clock
Related violations: <none>

TIMING-20#16 Warning
Non-clocked latch  
The latch arithmetic/stage[22].as/cinToUse_reg cannot be properly analyzed as its control pin arithmetic/stage[22].as/cinToUse_reg/G is not reached by a timing clock
Related violations: <none>

TIMING-20#17 Warning
Non-clocked latch  
The latch arithmetic/stage[23].as/cinToUse_reg cannot be properly analyzed as its control pin arithmetic/stage[23].as/cinToUse_reg/G is not reached by a timing clock
Related violations: <none>

TIMING-20#18 Warning
Non-clocked latch  
The latch arithmetic/stage[24].as/cinToUse_reg cannot be properly analyzed as its control pin arithmetic/stage[24].as/cinToUse_reg/G is not reached by a timing clock
Related violations: <none>

TIMING-20#19 Warning
Non-clocked latch  
The latch arithmetic/stage[25].as/cinToUse_reg cannot be properly analyzed as its control pin arithmetic/stage[25].as/cinToUse_reg/G is not reached by a timing clock
Related violations: <none>

TIMING-20#20 Warning
Non-clocked latch  
The latch arithmetic/stage[26].as/cinToUse_reg cannot be properly analyzed as its control pin arithmetic/stage[26].as/cinToUse_reg/G is not reached by a timing clock
Related violations: <none>

TIMING-20#21 Warning
Non-clocked latch  
The latch arithmetic/stage[27].as/cinToUse_reg cannot be properly analyzed as its control pin arithmetic/stage[27].as/cinToUse_reg/G is not reached by a timing clock
Related violations: <none>

TIMING-20#22 Warning
Non-clocked latch  
The latch arithmetic/stage[28].as/cinToUse_reg cannot be properly analyzed as its control pin arithmetic/stage[28].as/cinToUse_reg/G is not reached by a timing clock
Related violations: <none>

TIMING-20#23 Warning
Non-clocked latch  
The latch arithmetic/stage[29].as/cinToUse_reg cannot be properly analyzed as its control pin arithmetic/stage[29].as/cinToUse_reg/G is not reached by a timing clock
Related violations: <none>

TIMING-20#24 Warning
Non-clocked latch  
The latch arithmetic/stage[2].as/cinToUse_reg cannot be properly analyzed as its control pin arithmetic/stage[2].as/cinToUse_reg/G is not reached by a timing clock
Related violations: <none>

TIMING-20#25 Warning
Non-clocked latch  
The latch arithmetic/stage[30].as/cinToUse_reg cannot be properly analyzed as its control pin arithmetic/stage[30].as/cinToUse_reg/G is not reached by a timing clock
Related violations: <none>

TIMING-20#26 Warning
Non-clocked latch  
The latch arithmetic/stage[3].as/cinToUse_reg cannot be properly analyzed as its control pin arithmetic/stage[3].as/cinToUse_reg/G is not reached by a timing clock
Related violations: <none>

TIMING-20#27 Warning
Non-clocked latch  
The latch arithmetic/stage[4].as/cinToUse_reg cannot be properly analyzed as its control pin arithmetic/stage[4].as/cinToUse_reg/G is not reached by a timing clock
Related violations: <none>

TIMING-20#28 Warning
Non-clocked latch  
The latch arithmetic/stage[5].as/cinToUse_reg cannot be properly analyzed as its control pin arithmetic/stage[5].as/cinToUse_reg/G is not reached by a timing clock
Related violations: <none>

TIMING-20#29 Warning
Non-clocked latch  
The latch arithmetic/stage[6].as/cinToUse_reg cannot be properly analyzed as its control pin arithmetic/stage[6].as/cinToUse_reg/G is not reached by a timing clock
Related violations: <none>

TIMING-20#30 Warning
Non-clocked latch  
The latch arithmetic/stage[7].as/cinToUse_reg cannot be properly analyzed as its control pin arithmetic/stage[7].as/cinToUse_reg/G is not reached by a timing clock
Related violations: <none>

TIMING-20#31 Warning
Non-clocked latch  
The latch arithmetic/stage[8].as/cinToUse_reg cannot be properly analyzed as its control pin arithmetic/stage[8].as/cinToUse_reg/G is not reached by a timing clock
Related violations: <none>

TIMING-20#32 Warning
Non-clocked latch  
The latch arithmetic/stage[9].as/cinToUse_reg cannot be properly analyzed as its control pin arithmetic/stage[9].as/cinToUse_reg/G is not reached by a timing clock
Related violations: <none>


