Copyright 1986-2016 Xilinx, Inc. All Rights Reserved.
-------------------------------------------------------------------------------------------------------------------------------
| Tool Version : Vivado v.2016.4 (win64) Build 1756540 Mon Jan 23 19:11:23 MST 2017
| Date         : Wed Apr 19 17:18:03 2017
| Host         : ChrisProcak-PC running 64-bit major release  (build 9200)
| Command      : report_methodology -file RegisterFile_methodology_drc_routed.rpt -rpx RegisterFile_methodology_drc_routed.rpx
| Design       : RegisterFile
| Device       : xc7a35tcsg324-3
| Speed File   : -3
| Design State : Routed
-------------------------------------------------------------------------------------------------------------------------------

Report Methodology

Table of Contents
-----------------
1. REPORT SUMMARY
2. REPORT DETAILS

1. REPORT SUMMARY
-----------------
            Netlist: netlist
          Floorplan: design_1
      Design limits: <entire design considered>
             Max violations: <unlimited>
             Violations found: 112
+-----------+----------+-------------------------------+------------+
| Rule      | Severity | Description                   | Violations |
+-----------+----------+-------------------------------+------------+
| TIMING-18 | Warning  | Missing input or output delay | 112        |
+-----------+----------+-------------------------------+------------+

2. REPORT DETAILS
-----------------
TIMING-18#1 Warning
Missing input or output delay  
An input delay is missing on ReadReg1[0] relative to clock(s) myClock 
Related violations: <none>

TIMING-18#2 Warning
Missing input or output delay  
An input delay is missing on ReadReg1[1] relative to clock(s) myClock 
Related violations: <none>

TIMING-18#3 Warning
Missing input or output delay  
An input delay is missing on ReadReg1[2] relative to clock(s) myClock 
Related violations: <none>

TIMING-18#4 Warning
Missing input or output delay  
An input delay is missing on ReadReg1[3] relative to clock(s) myClock 
Related violations: <none>

TIMING-18#5 Warning
Missing input or output delay  
An input delay is missing on ReadReg1[4] relative to clock(s) myClock 
Related violations: <none>

TIMING-18#6 Warning
Missing input or output delay  
An input delay is missing on ReadReg2[0] relative to clock(s) myClock 
Related violations: <none>

TIMING-18#7 Warning
Missing input or output delay  
An input delay is missing on ReadReg2[1] relative to clock(s) myClock 
Related violations: <none>

TIMING-18#8 Warning
Missing input or output delay  
An input delay is missing on ReadReg2[2] relative to clock(s) myClock 
Related violations: <none>

TIMING-18#9 Warning
Missing input or output delay  
An input delay is missing on ReadReg2[3] relative to clock(s) myClock 
Related violations: <none>

TIMING-18#10 Warning
Missing input or output delay  
An input delay is missing on ReadReg2[4] relative to clock(s) myClock 
Related violations: <none>

TIMING-18#11 Warning
Missing input or output delay  
An input delay is missing on WriteData[0] relative to clock(s) myClock 
Related violations: <none>

TIMING-18#12 Warning
Missing input or output delay  
An input delay is missing on WriteData[10] relative to clock(s) myClock 
Related violations: <none>

TIMING-18#13 Warning
Missing input or output delay  
An input delay is missing on WriteData[11] relative to clock(s) myClock 
Related violations: <none>

TIMING-18#14 Warning
Missing input or output delay  
An input delay is missing on WriteData[12] relative to clock(s) myClock 
Related violations: <none>

TIMING-18#15 Warning
Missing input or output delay  
An input delay is missing on WriteData[13] relative to clock(s) myClock 
Related violations: <none>

TIMING-18#16 Warning
Missing input or output delay  
An input delay is missing on WriteData[14] relative to clock(s) myClock 
Related violations: <none>

TIMING-18#17 Warning
Missing input or output delay  
An input delay is missing on WriteData[15] relative to clock(s) myClock 
Related violations: <none>

TIMING-18#18 Warning
Missing input or output delay  
An input delay is missing on WriteData[16] relative to clock(s) myClock 
Related violations: <none>

TIMING-18#19 Warning
Missing input or output delay  
An input delay is missing on WriteData[17] relative to clock(s) myClock 
Related violations: <none>

TIMING-18#20 Warning
Missing input or output delay  
An input delay is missing on WriteData[18] relative to clock(s) myClock 
Related violations: <none>

TIMING-18#21 Warning
Missing input or output delay  
An input delay is missing on WriteData[19] relative to clock(s) myClock 
Related violations: <none>

TIMING-18#22 Warning
Missing input or output delay  
An input delay is missing on WriteData[1] relative to clock(s) myClock 
Related violations: <none>

TIMING-18#23 Warning
Missing input or output delay  
An input delay is missing on WriteData[20] relative to clock(s) myClock 
Related violations: <none>

TIMING-18#24 Warning
Missing input or output delay  
An input delay is missing on WriteData[21] relative to clock(s) myClock 
Related violations: <none>

TIMING-18#25 Warning
Missing input or output delay  
An input delay is missing on WriteData[22] relative to clock(s) myClock 
Related violations: <none>

TIMING-18#26 Warning
Missing input or output delay  
An input delay is missing on WriteData[23] relative to clock(s) myClock 
Related violations: <none>

TIMING-18#27 Warning
Missing input or output delay  
An input delay is missing on WriteData[24] relative to clock(s) myClock 
Related violations: <none>

TIMING-18#28 Warning
Missing input or output delay  
An input delay is missing on WriteData[25] relative to clock(s) myClock 
Related violations: <none>

TIMING-18#29 Warning
Missing input or output delay  
An input delay is missing on WriteData[26] relative to clock(s) myClock 
Related violations: <none>

TIMING-18#30 Warning
Missing input or output delay  
An input delay is missing on WriteData[27] relative to clock(s) myClock 
Related violations: <none>

TIMING-18#31 Warning
Missing input or output delay  
An input delay is missing on WriteData[28] relative to clock(s) myClock 
Related violations: <none>

TIMING-18#32 Warning
Missing input or output delay  
An input delay is missing on WriteData[29] relative to clock(s) myClock 
Related violations: <none>

TIMING-18#33 Warning
Missing input or output delay  
An input delay is missing on WriteData[2] relative to clock(s) myClock 
Related violations: <none>

TIMING-18#34 Warning
Missing input or output delay  
An input delay is missing on WriteData[30] relative to clock(s) myClock 
Related violations: <none>

TIMING-18#35 Warning
Missing input or output delay  
An input delay is missing on WriteData[31] relative to clock(s) myClock 
Related violations: <none>

TIMING-18#36 Warning
Missing input or output delay  
An input delay is missing on WriteData[3] relative to clock(s) myClock 
Related violations: <none>

TIMING-18#37 Warning
Missing input or output delay  
An input delay is missing on WriteData[4] relative to clock(s) myClock 
Related violations: <none>

TIMING-18#38 Warning
Missing input or output delay  
An input delay is missing on WriteData[5] relative to clock(s) myClock 
Related violations: <none>

TIMING-18#39 Warning
Missing input or output delay  
An input delay is missing on WriteData[6] relative to clock(s) myClock 
Related violations: <none>

TIMING-18#40 Warning
Missing input or output delay  
An input delay is missing on WriteData[7] relative to clock(s) myClock 
Related violations: <none>

TIMING-18#41 Warning
Missing input or output delay  
An input delay is missing on WriteData[8] relative to clock(s) myClock 
Related violations: <none>

TIMING-18#42 Warning
Missing input or output delay  
An input delay is missing on WriteData[9] relative to clock(s) myClock 
Related violations: <none>

TIMING-18#43 Warning
Missing input or output delay  
An input delay is missing on WriteEnable relative to clock(s) myClock 
Related violations: <none>

TIMING-18#44 Warning
Missing input or output delay  
An input delay is missing on WriteReg[0] relative to clock(s) myClock 
Related violations: <none>

TIMING-18#45 Warning
Missing input or output delay  
An input delay is missing on WriteReg[1] relative to clock(s) myClock 
Related violations: <none>

TIMING-18#46 Warning
Missing input or output delay  
An input delay is missing on WriteReg[2] relative to clock(s) myClock 
Related violations: <none>

TIMING-18#47 Warning
Missing input or output delay  
An input delay is missing on WriteReg[3] relative to clock(s) myClock 
Related violations: <none>

TIMING-18#48 Warning
Missing input or output delay  
An input delay is missing on WriteReg[4] relative to clock(s) myClock 
Related violations: <none>

TIMING-18#49 Warning
Missing input or output delay  
An output delay is missing on ReadData1[0] relative to clock(s) myClock 
Related violations: <none>

TIMING-18#50 Warning
Missing input or output delay  
An output delay is missing on ReadData1[10] relative to clock(s) myClock 
Related violations: <none>

TIMING-18#51 Warning
Missing input or output delay  
An output delay is missing on ReadData1[11] relative to clock(s) myClock 
Related violations: <none>

TIMING-18#52 Warning
Missing input or output delay  
An output delay is missing on ReadData1[12] relative to clock(s) myClock 
Related violations: <none>

TIMING-18#53 Warning
Missing input or output delay  
An output delay is missing on ReadData1[13] relative to clock(s) myClock 
Related violations: <none>

TIMING-18#54 Warning
Missing input or output delay  
An output delay is missing on ReadData1[14] relative to clock(s) myClock 
Related violations: <none>

TIMING-18#55 Warning
Missing input or output delay  
An output delay is missing on ReadData1[15] relative to clock(s) myClock 
Related violations: <none>

TIMING-18#56 Warning
Missing input or output delay  
An output delay is missing on ReadData1[16] relative to clock(s) myClock 
Related violations: <none>

TIMING-18#57 Warning
Missing input or output delay  
An output delay is missing on ReadData1[17] relative to clock(s) myClock 
Related violations: <none>

TIMING-18#58 Warning
Missing input or output delay  
An output delay is missing on ReadData1[18] relative to clock(s) myClock 
Related violations: <none>

TIMING-18#59 Warning
Missing input or output delay  
An output delay is missing on ReadData1[19] relative to clock(s) myClock 
Related violations: <none>

TIMING-18#60 Warning
Missing input or output delay  
An output delay is missing on ReadData1[1] relative to clock(s) myClock 
Related violations: <none>

TIMING-18#61 Warning
Missing input or output delay  
An output delay is missing on ReadData1[20] relative to clock(s) myClock 
Related violations: <none>

TIMING-18#62 Warning
Missing input or output delay  
An output delay is missing on ReadData1[21] relative to clock(s) myClock 
Related violations: <none>

TIMING-18#63 Warning
Missing input or output delay  
An output delay is missing on ReadData1[22] relative to clock(s) myClock 
Related violations: <none>

TIMING-18#64 Warning
Missing input or output delay  
An output delay is missing on ReadData1[23] relative to clock(s) myClock 
Related violations: <none>

TIMING-18#65 Warning
Missing input or output delay  
An output delay is missing on ReadData1[24] relative to clock(s) myClock 
Related violations: <none>

TIMING-18#66 Warning
Missing input or output delay  
An output delay is missing on ReadData1[25] relative to clock(s) myClock 
Related violations: <none>

TIMING-18#67 Warning
Missing input or output delay  
An output delay is missing on ReadData1[26] relative to clock(s) myClock 
Related violations: <none>

TIMING-18#68 Warning
Missing input or output delay  
An output delay is missing on ReadData1[27] relative to clock(s) myClock 
Related violations: <none>

TIMING-18#69 Warning
Missing input or output delay  
An output delay is missing on ReadData1[28] relative to clock(s) myClock 
Related violations: <none>

TIMING-18#70 Warning
Missing input or output delay  
An output delay is missing on ReadData1[29] relative to clock(s) myClock 
Related violations: <none>

TIMING-18#71 Warning
Missing input or output delay  
An output delay is missing on ReadData1[2] relative to clock(s) myClock 
Related violations: <none>

TIMING-18#72 Warning
Missing input or output delay  
An output delay is missing on ReadData1[30] relative to clock(s) myClock 
Related violations: <none>

TIMING-18#73 Warning
Missing input or output delay  
An output delay is missing on ReadData1[31] relative to clock(s) myClock 
Related violations: <none>

TIMING-18#74 Warning
Missing input or output delay  
An output delay is missing on ReadData1[3] relative to clock(s) myClock 
Related violations: <none>

TIMING-18#75 Warning
Missing input or output delay  
An output delay is missing on ReadData1[4] relative to clock(s) myClock 
Related violations: <none>

TIMING-18#76 Warning
Missing input or output delay  
An output delay is missing on ReadData1[5] relative to clock(s) myClock 
Related violations: <none>

TIMING-18#77 Warning
Missing input or output delay  
An output delay is missing on ReadData1[6] relative to clock(s) myClock 
Related violations: <none>

TIMING-18#78 Warning
Missing input or output delay  
An output delay is missing on ReadData1[7] relative to clock(s) myClock 
Related violations: <none>

TIMING-18#79 Warning
Missing input or output delay  
An output delay is missing on ReadData1[8] relative to clock(s) myClock 
Related violations: <none>

TIMING-18#80 Warning
Missing input or output delay  
An output delay is missing on ReadData1[9] relative to clock(s) myClock 
Related violations: <none>

TIMING-18#81 Warning
Missing input or output delay  
An output delay is missing on ReadData2[0] relative to clock(s) myClock 
Related violations: <none>

TIMING-18#82 Warning
Missing input or output delay  
An output delay is missing on ReadData2[10] relative to clock(s) myClock 
Related violations: <none>

TIMING-18#83 Warning
Missing input or output delay  
An output delay is missing on ReadData2[11] relative to clock(s) myClock 
Related violations: <none>

TIMING-18#84 Warning
Missing input or output delay  
An output delay is missing on ReadData2[12] relative to clock(s) myClock 
Related violations: <none>

TIMING-18#85 Warning
Missing input or output delay  
An output delay is missing on ReadData2[13] relative to clock(s) myClock 
Related violations: <none>

TIMING-18#86 Warning
Missing input or output delay  
An output delay is missing on ReadData2[14] relative to clock(s) myClock 
Related violations: <none>

TIMING-18#87 Warning
Missing input or output delay  
An output delay is missing on ReadData2[15] relative to clock(s) myClock 
Related violations: <none>

TIMING-18#88 Warning
Missing input or output delay  
An output delay is missing on ReadData2[16] relative to clock(s) myClock 
Related violations: <none>

TIMING-18#89 Warning
Missing input or output delay  
An output delay is missing on ReadData2[17] relative to clock(s) myClock 
Related violations: <none>

TIMING-18#90 Warning
Missing input or output delay  
An output delay is missing on ReadData2[18] relative to clock(s) myClock 
Related violations: <none>

TIMING-18#91 Warning
Missing input or output delay  
An output delay is missing on ReadData2[19] relative to clock(s) myClock 
Related violations: <none>

TIMING-18#92 Warning
Missing input or output delay  
An output delay is missing on ReadData2[1] relative to clock(s) myClock 
Related violations: <none>

TIMING-18#93 Warning
Missing input or output delay  
An output delay is missing on ReadData2[20] relative to clock(s) myClock 
Related violations: <none>

TIMING-18#94 Warning
Missing input or output delay  
An output delay is missing on ReadData2[21] relative to clock(s) myClock 
Related violations: <none>

TIMING-18#95 Warning
Missing input or output delay  
An output delay is missing on ReadData2[22] relative to clock(s) myClock 
Related violations: <none>

TIMING-18#96 Warning
Missing input or output delay  
An output delay is missing on ReadData2[23] relative to clock(s) myClock 
Related violations: <none>

TIMING-18#97 Warning
Missing input or output delay  
An output delay is missing on ReadData2[24] relative to clock(s) myClock 
Related violations: <none>

TIMING-18#98 Warning
Missing input or output delay  
An output delay is missing on ReadData2[25] relative to clock(s) myClock 
Related violations: <none>

TIMING-18#99 Warning
Missing input or output delay  
An output delay is missing on ReadData2[26] relative to clock(s) myClock 
Related violations: <none>

TIMING-18#100 Warning
Missing input or output delay  
An output delay is missing on ReadData2[27] relative to clock(s) myClock 
Related violations: <none>

TIMING-18#101 Warning
Missing input or output delay  
An output delay is missing on ReadData2[28] relative to clock(s) myClock 
Related violations: <none>

TIMING-18#102 Warning
Missing input or output delay  
An output delay is missing on ReadData2[29] relative to clock(s) myClock 
Related violations: <none>

TIMING-18#103 Warning
Missing input or output delay  
An output delay is missing on ReadData2[2] relative to clock(s) myClock 
Related violations: <none>

TIMING-18#104 Warning
Missing input or output delay  
An output delay is missing on ReadData2[30] relative to clock(s) myClock 
Related violations: <none>

TIMING-18#105 Warning
Missing input or output delay  
An output delay is missing on ReadData2[31] relative to clock(s) myClock 
Related violations: <none>

TIMING-18#106 Warning
Missing input or output delay  
An output delay is missing on ReadData2[3] relative to clock(s) myClock 
Related violations: <none>

TIMING-18#107 Warning
Missing input or output delay  
An output delay is missing on ReadData2[4] relative to clock(s) myClock 
Related violations: <none>

TIMING-18#108 Warning
Missing input or output delay  
An output delay is missing on ReadData2[5] relative to clock(s) myClock 
Related violations: <none>

TIMING-18#109 Warning
Missing input or output delay  
An output delay is missing on ReadData2[6] relative to clock(s) myClock 
Related violations: <none>

TIMING-18#110 Warning
Missing input or output delay  
An output delay is missing on ReadData2[7] relative to clock(s) myClock 
Related violations: <none>

TIMING-18#111 Warning
Missing input or output delay  
An output delay is missing on ReadData2[8] relative to clock(s) myClock 
Related violations: <none>

TIMING-18#112 Warning
Missing input or output delay  
An output delay is missing on ReadData2[9] relative to clock(s) myClock 
Related violations: <none>


