
*** Running vivado
    with args -log thirtytwobit_adder.vdi -applog -m64 -product Vivado -messageDb vivado.pb -mode batch -source thirtytwobit_adder.tcl -notrace


****** Vivado v2016.4 (64-bit)
  **** SW Build 1756540 on Mon Jan 23 19:11:23 MST 2017
  **** IP Build 1755317 on Mon Jan 23 20:30:07 MST 2017
    ** Copyright 1986-2016 Xilinx, Inc. All Rights Reserved.

source thirtytwobit_adder.tcl -notrace
Design is defaulting to srcset: sources_1
Design is defaulting to constrset: constrs_1
INFO: [Netlist 29-17] Analyzing 32 Unisim elements for replacement
INFO: [Netlist 29-28] Unisim Transformation completed in 1 CPU seconds
INFO: [Project 1-479] Netlist was created with Vivado 2016.4
INFO: [Device 21-403] Loading part xc7a35tcpg236-1
INFO: [Project 1-570] Preparing netlist for logic optimization
Parsing XDC File [C:/Users/britt.ahlgrim/Downloads/Basys3_Master.xdc]
Finished Parsing XDC File [C:/Users/britt.ahlgrim/Downloads/Basys3_Master.xdc]
INFO: [Opt 31-138] Pushed 0 inverter(s) to 0 load pin(s).
INFO: [Project 1-111] Unisim Transformation Summary:
No Unisim elements were transformed.

link_design: Time (s): cpu = 00:00:15 ; elapsed = 00:00:16 . Memory (MB): peak = 459.242 ; gain = 249.301
INFO: [Vivado_Tcl 4-424] Cannot write hardware definition file as there are no IPI block design hardware handoff files present
Command: opt_design
Attempting to get a license for feature 'Implementation' and/or device 'xc7a35t'
INFO: [Common 17-349] Got license for feature 'Implementation' and/or device 'xc7a35t'
Running DRC as a precondition to command opt_design

Starting DRC Task
INFO: [DRC 23-27] Running DRC with 2 threads
INFO: [Project 1-461] DRC finished with 0 Errors
INFO: [Project 1-462] Please refer to the DRC report (report_drc) for more information.

Time (s): cpu = 00:00:02 ; elapsed = 00:00:02 . Memory (MB): peak = 470.922 ; gain = 11.680
INFO: [Timing 38-35] Done setting XDC timing constraints.

Starting Logic Optimization Task
Implement Debug Cores | Checksum: 11bfd799c

Phase 1 Retarget
INFO: [Opt 31-138] Pushed 0 inverter(s) to 0 load pin(s).
INFO: [Opt 31-49] Retargeted 0 cell(s).
Phase 1 Retarget | Checksum: 11bfd799c

Time (s): cpu = 00:00:00 ; elapsed = 00:00:00.010 . Memory (MB): peak = 969.859 ; gain = 0.000

Phase 2 Constant propagation
INFO: [Opt 31-138] Pushed 0 inverter(s) to 0 load pin(s).
INFO: [Opt 31-10] Eliminated 0 cells.
Phase 2 Constant propagation | Checksum: 11bfd799c

Time (s): cpu = 00:00:00 ; elapsed = 00:00:00.020 . Memory (MB): peak = 969.859 ; gain = 0.000

Phase 3 Sweep
INFO: [Opt 31-12] Eliminated 0 unconnected nets.
INFO: [Opt 31-11] Eliminated 0 unconnected cells.
Phase 3 Sweep | Checksum: 11bfd799c

Time (s): cpu = 00:00:00 ; elapsed = 00:00:00.020 . Memory (MB): peak = 969.859 ; gain = 0.000

Phase 4 BUFG optimization
INFO: [Opt 31-12] Eliminated 0 unconnected nets.
INFO: [Opt 31-11] Eliminated 0 unconnected cells.
Phase 4 BUFG optimization | Checksum: 11bfd799c

Time (s): cpu = 00:00:00 ; elapsed = 00:00:00.045 . Memory (MB): peak = 969.859 ; gain = 0.000

Starting Connectivity Check Task

Time (s): cpu = 00:00:00 ; elapsed = 00:00:00 . Memory (MB): peak = 969.859 ; gain = 0.000
Ending Logic Optimization Task | Checksum: 11bfd799c

Time (s): cpu = 00:00:00 ; elapsed = 00:00:00.045 . Memory (MB): peak = 969.859 ; gain = 0.000

Starting Power Optimization Task
INFO: [Pwropt 34-132] Skipping clock gating for clocks with a period < 2.00 ns.
Ending Power Optimization Task | Checksum: 11bfd799c

Time (s): cpu = 00:00:00 ; elapsed = 00:00:00.010 . Memory (MB): peak = 969.859 ; gain = 0.000
INFO: [Common 17-83] Releasing license: Implementation
23 Infos, 0 Warnings, 0 Critical Warnings and 0 Errors encountered.
opt_design completed successfully
opt_design: Time (s): cpu = 00:00:36 ; elapsed = 00:00:36 . Memory (MB): peak = 969.859 ; gain = 510.617
INFO: [Common 17-1381] The checkpoint 'C:/Users/britt.ahlgrim/Desktop/marquette/years/2016-2017/semester 2/Computer Hardware/gitRepo/Adder/Adder.runs/impl_1/thirtytwobit_adder_opt.dcp' has been generated.
INFO: [DRC 23-27] Running DRC with 2 threads
INFO: [Coretcl 2-168] The results of DRC are in file C:/Users/britt.ahlgrim/Desktop/marquette/years/2016-2017/semester 2/Computer Hardware/gitRepo/Adder/Adder.runs/impl_1/thirtytwobit_adder_drc_opted.rpt.
INFO: [Chipscope 16-241] No debug cores found in the current design.
Before running the implement_debug_core command, either use the Set Up Debug wizard (GUI mode)
or use the create_debug_core and connect_debug_core Tcl commands to insert debug cores into the design.
Command: place_design
Attempting to get a license for feature 'Implementation' and/or device 'xc7a35t'
INFO: [Common 17-349] Got license for feature 'Implementation' and/or device 'xc7a35t'
INFO: [DRC 23-27] Running DRC with 2 threads
INFO: [Vivado_Tcl 4-198] DRC finished with 0 Errors
INFO: [Vivado_Tcl 4-199] Please refer to the DRC report (report_drc) for more information.
Running DRC as a precondition to command place_design
INFO: [DRC 23-27] Running DRC with 2 threads
INFO: [Vivado_Tcl 4-198] DRC finished with 0 Errors
INFO: [Vivado_Tcl 4-199] Please refer to the DRC report (report_drc) for more information.

Starting Placer Task
INFO: [Place 30-611] Multithreading enabled for place_design using a maximum of 2 CPUs

Phase 1 Placer Initialization
Netlist sorting complete. Time (s): cpu = 00:00:00 ; elapsed = 00:00:00 . Memory (MB): peak = 969.859 ; gain = 0.000
Netlist sorting complete. Time (s): cpu = 00:00:00 ; elapsed = 00:00:00 . Memory (MB): peak = 969.859 ; gain = 0.000

Phase 1.1 IO Placement/ Clock Placement/ Build Placer Device
INFO: [Timing 38-35] Done setting XDC timing constraints.
Phase 1.1 IO Placement/ Clock Placement/ Build Placer Device | Checksum: 188d3e74a

Time (s): cpu = 00:00:03 ; elapsed = 00:00:02 . Memory (MB): peak = 992.832 ; gain = 22.973

Phase 1.2 Build Placer Netlist Model
Phase 1.2 Build Placer Netlist Model | Checksum: 1f1ec3957

Time (s): cpu = 00:00:04 ; elapsed = 00:00:02 . Memory (MB): peak = 992.832 ; gain = 22.973

Phase 1.3 Constrain Clocks/Macros
Phase 1.3 Constrain Clocks/Macros | Checksum: 1f1ec3957

Time (s): cpu = 00:00:04 ; elapsed = 00:00:02 . Memory (MB): peak = 992.832 ; gain = 22.973
Phase 1 Placer Initialization | Checksum: 1f1ec3957

Time (s): cpu = 00:00:04 ; elapsed = 00:00:02 . Memory (MB): peak = 992.832 ; gain = 22.973

Phase 2 Global Placement
Phase 2 Global Placement | Checksum: 19523296a

Time (s): cpu = 00:00:04 ; elapsed = 00:00:03 . Memory (MB): peak = 992.832 ; gain = 22.973

Phase 3 Detail Placement

Phase 3.1 Commit Multi Column Macros
Phase 3.1 Commit Multi Column Macros | Checksum: 19523296a

Time (s): cpu = 00:00:04 ; elapsed = 00:00:03 . Memory (MB): peak = 992.832 ; gain = 22.973

Phase 3.2 Commit Most Macros & LUTRAMs
Phase 3.2 Commit Most Macros & LUTRAMs | Checksum: 2135d75d7

Time (s): cpu = 00:00:04 ; elapsed = 00:00:03 . Memory (MB): peak = 992.832 ; gain = 22.973

Phase 3.3 Area Swap Optimization
Phase 3.3 Area Swap Optimization | Checksum: 26b53c02c

Time (s): cpu = 00:00:04 ; elapsed = 00:00:03 . Memory (MB): peak = 992.832 ; gain = 22.973

Phase 3.4 Pipeline Register Optimization
Phase 3.4 Pipeline Register Optimization | Checksum: 26b53c02c

Time (s): cpu = 00:00:04 ; elapsed = 00:00:03 . Memory (MB): peak = 992.832 ; gain = 22.973

Phase 3.5 Small Shape Detail Placement
Phase 3.5 Small Shape Detail Placement | Checksum: 1a725b6d3

Time (s): cpu = 00:00:04 ; elapsed = 00:00:03 . Memory (MB): peak = 992.832 ; gain = 22.973

Phase 3.6 Re-assign LUT pins
Phase 3.6 Re-assign LUT pins | Checksum: 15c0ba653

Time (s): cpu = 00:00:04 ; elapsed = 00:00:03 . Memory (MB): peak = 992.832 ; gain = 22.973

Phase 3.7 Pipeline Register Optimization
Phase 3.7 Pipeline Register Optimization | Checksum: 15c0ba653

Time (s): cpu = 00:00:04 ; elapsed = 00:00:03 . Memory (MB): peak = 992.832 ; gain = 22.973
Phase 3 Detail Placement | Checksum: 15c0ba653

Time (s): cpu = 00:00:04 ; elapsed = 00:00:03 . Memory (MB): peak = 992.832 ; gain = 22.973

Phase 4 Post Placement Optimization and Clean-Up

Phase 4.1 Post Commit Optimization
Phase 4.1 Post Commit Optimization | Checksum: 15c0ba653

Time (s): cpu = 00:00:04 ; elapsed = 00:00:03 . Memory (MB): peak = 992.832 ; gain = 22.973

Phase 4.2 Post Placement Cleanup
Phase 4.2 Post Placement Cleanup | Checksum: 15c0ba653

Time (s): cpu = 00:00:04 ; elapsed = 00:00:03 . Memory (MB): peak = 992.832 ; gain = 22.973

Phase 4.3 Placer Reporting
Phase 4.3 Placer Reporting | Checksum: 15c0ba653

Time (s): cpu = 00:00:04 ; elapsed = 00:00:03 . Memory (MB): peak = 992.832 ; gain = 22.973

Phase 4.4 Final Placement Cleanup
Phase 4.4 Final Placement Cleanup | Checksum: 15c0ba653

Time (s): cpu = 00:00:04 ; elapsed = 00:00:03 . Memory (MB): peak = 992.832 ; gain = 22.973
Phase 4 Post Placement Optimization and Clean-Up | Checksum: 15c0ba653

Time (s): cpu = 00:00:04 ; elapsed = 00:00:03 . Memory (MB): peak = 992.832 ; gain = 22.973
Ending Placer Task | Checksum: 109e6f4ea

Time (s): cpu = 00:00:04 ; elapsed = 00:00:03 . Memory (MB): peak = 992.832 ; gain = 22.973
INFO: [Common 17-83] Releasing license: Implementation
37 Infos, 0 Warnings, 0 Critical Warnings and 0 Errors encountered.
place_design completed successfully
place_design: Time (s): cpu = 00:00:07 ; elapsed = 00:00:05 . Memory (MB): peak = 992.832 ; gain = 22.973
Writing placer database...
Writing XDEF routing.
Writing XDEF routing logical nets.
Writing XDEF routing special nets.
Write XDEF Complete: Time (s): cpu = 00:00:01 ; elapsed = 00:00:00.138 . Memory (MB): peak = 992.832 ; gain = 0.000
INFO: [Common 17-1381] The checkpoint 'C:/Users/britt.ahlgrim/Desktop/marquette/years/2016-2017/semester 2/Computer Hardware/gitRepo/Adder/Adder.runs/impl_1/thirtytwobit_adder_placed.dcp' has been generated.
report_io: Time (s): cpu = 00:00:00 ; elapsed = 00:00:00.190 . Memory (MB): peak = 992.832 ; gain = 0.000
report_utilization: Time (s): cpu = 00:00:00 ; elapsed = 00:00:00.060 . Memory (MB): peak = 992.832 ; gain = 0.000
report_control_sets: Time (s): cpu = 00:00:00 ; elapsed = 00:00:00.015 . Memory (MB): peak = 992.832 ; gain = 0.000
Command: route_design
Attempting to get a license for feature 'Implementation' and/or device 'xc7a35t'
INFO: [Common 17-349] Got license for feature 'Implementation' and/or device 'xc7a35t'
Running DRC as a precondition to command route_design
INFO: [DRC 23-27] Running DRC with 2 threads
INFO: [Vivado_Tcl 4-198] DRC finished with 0 Errors
INFO: [Vivado_Tcl 4-199] Please refer to the DRC report (report_drc) for more information.


Starting Routing Task
INFO: [Route 35-254] Multithreading enabled for route_design using a maximum of 2 CPUs
Checksum: PlaceDB: 72102d92 ConstDB: 0 ShapeSum: 97d6c758 RouteDB: 0

Phase 1 Build RT Design
Phase 1 Build RT Design | Checksum: e2d57c14

Time (s): cpu = 00:01:08 ; elapsed = 00:01:02 . Memory (MB): peak = 1069.199 ; gain = 76.367

Phase 2 Router Initialization

Phase 2.1 Create Timer
Phase 2.1 Create Timer | Checksum: e2d57c14

Time (s): cpu = 00:01:08 ; elapsed = 00:01:02 . Memory (MB): peak = 1071.586 ; gain = 78.754

Phase 2.2 Fix Topology Constraints
Phase 2.2 Fix Topology Constraints | Checksum: e2d57c14

Time (s): cpu = 00:01:08 ; elapsed = 00:01:02 . Memory (MB): peak = 1078.934 ; gain = 86.102

Phase 2.3 Pre Route Cleanup
Phase 2.3 Pre Route Cleanup | Checksum: e2d57c14

Time (s): cpu = 00:01:08 ; elapsed = 00:01:02 . Memory (MB): peak = 1078.934 ; gain = 86.102
 Number of Nodes with overlaps = 0

Phase 2.4 Update Timing
Phase 2.4 Update Timing | Checksum: 10f296e79

Time (s): cpu = 00:01:08 ; elapsed = 00:01:03 . Memory (MB): peak = 1081.199 ; gain = 88.367
Phase 2 Router Initialization | Checksum: 10f296e79

Time (s): cpu = 00:01:08 ; elapsed = 00:01:03 . Memory (MB): peak = 1081.199 ; gain = 88.367

Phase 3 Initial Routing
Phase 3 Initial Routing | Checksum: e040154a

Time (s): cpu = 00:01:09 ; elapsed = 00:01:03 . Memory (MB): peak = 1081.199 ; gain = 88.367

Phase 4 Rip-up And Reroute

Phase 4.1 Global Iteration 0
 Number of Nodes with overlaps = 0

Phase 4.1.1 Update Timing
Phase 4.1.1 Update Timing | Checksum: e7f63f5d

Time (s): cpu = 00:01:09 ; elapsed = 00:01:03 . Memory (MB): peak = 1081.199 ; gain = 88.367
Phase 4.1 Global Iteration 0 | Checksum: e7f63f5d

Time (s): cpu = 00:01:09 ; elapsed = 00:01:03 . Memory (MB): peak = 1081.199 ; gain = 88.367
Phase 4 Rip-up And Reroute | Checksum: e7f63f5d

Time (s): cpu = 00:01:09 ; elapsed = 00:01:03 . Memory (MB): peak = 1081.199 ; gain = 88.367

Phase 5 Delay and Skew Optimization

Phase 5.1 Delay CleanUp
Phase 5.1 Delay CleanUp | Checksum: e7f63f5d

Time (s): cpu = 00:01:09 ; elapsed = 00:01:03 . Memory (MB): peak = 1081.199 ; gain = 88.367

Phase 5.2 Clock Skew Optimization
Phase 5.2 Clock Skew Optimization | Checksum: e7f63f5d

Time (s): cpu = 00:01:09 ; elapsed = 00:01:03 . Memory (MB): peak = 1081.199 ; gain = 88.367
Phase 5 Delay and Skew Optimization | Checksum: e7f63f5d

Time (s): cpu = 00:01:09 ; elapsed = 00:01:03 . Memory (MB): peak = 1081.199 ; gain = 88.367

Phase 6 Post Hold Fix

Phase 6.1 Hold Fix Iter

Phase 6.1.1 Update Timing
Phase 6.1.1 Update Timing | Checksum: e7f63f5d

Time (s): cpu = 00:01:09 ; elapsed = 00:01:03 . Memory (MB): peak = 1081.199 ; gain = 88.367
Phase 6.1 Hold Fix Iter | Checksum: e7f63f5d

Time (s): cpu = 00:01:09 ; elapsed = 00:01:03 . Memory (MB): peak = 1081.199 ; gain = 88.367
Phase 6 Post Hold Fix | Checksum: e7f63f5d

Time (s): cpu = 00:01:09 ; elapsed = 00:01:03 . Memory (MB): peak = 1081.199 ; gain = 88.367

Phase 7 Route finalize

Router Utilization Summary
  Global Vertical Routing Utilization    = 0.0460018 %
  Global Horizontal Routing Utilization  = 0.017569 %
  Routable Net Status*
  *Does not include unroutable nets such as driverless and loadless.
  Run report_route_status for detailed report.
  Number of Failed Nets               = 0
  Number of Unrouted Nets             = 0
  Number of Partially Routed Nets     = 0
  Number of Node Overlaps             = 0

Phase 7 Route finalize | Checksum: e7f63f5d

Time (s): cpu = 00:01:09 ; elapsed = 00:01:03 . Memory (MB): peak = 1081.199 ; gain = 88.367

Phase 8 Verifying routed nets

 Verification completed successfully
Phase 8 Verifying routed nets | Checksum: e7f63f5d

Time (s): cpu = 00:01:09 ; elapsed = 00:01:03 . Memory (MB): peak = 1081.668 ; gain = 88.836

Phase 9 Depositing Routes
Phase 9 Depositing Routes | Checksum: 1935dbf6d

Time (s): cpu = 00:01:09 ; elapsed = 00:01:03 . Memory (MB): peak = 1081.668 ; gain = 88.836

Phase 10 Post Router Timing
Phase 10 Post Router Timing | Checksum: 1935dbf6d

Time (s): cpu = 00:01:09 ; elapsed = 00:01:03 . Memory (MB): peak = 1081.668 ; gain = 88.836
INFO: [Route 35-16] Router Completed Successfully

Time (s): cpu = 00:01:09 ; elapsed = 00:01:03 . Memory (MB): peak = 1081.668 ; gain = 88.836

Routing Is Done.
INFO: [Common 17-83] Releasing license: Implementation
45 Infos, 0 Warnings, 0 Critical Warnings and 0 Errors encountered.
route_design completed successfully
route_design: Time (s): cpu = 00:01:13 ; elapsed = 00:01:05 . Memory (MB): peak = 1081.668 ; gain = 88.836
Writing placer database...
Writing XDEF routing.
Writing XDEF routing logical nets.
Writing XDEF routing special nets.
Write XDEF Complete: Time (s): cpu = 00:00:00 ; elapsed = 00:00:00.158 . Memory (MB): peak = 1081.668 ; gain = 0.000
INFO: [Common 17-1381] The checkpoint 'C:/Users/britt.ahlgrim/Desktop/marquette/years/2016-2017/semester 2/Computer Hardware/gitRepo/Adder/Adder.runs/impl_1/thirtytwobit_adder_routed.dcp' has been generated.
INFO: [DRC 23-27] Running DRC with 2 threads
INFO: [Coretcl 2-168] The results of DRC are in file C:/Users/britt.ahlgrim/Desktop/marquette/years/2016-2017/semester 2/Computer Hardware/gitRepo/Adder/Adder.runs/impl_1/thirtytwobit_adder_drc_routed.rpt.
INFO: [Timing 38-35] Done setting XDC timing constraints.
INFO: [DRC 23-133] Running Methodology with 2 threads
INFO: [Coretcl 2-1520] The results of Report Methodology are in file C:/Users/britt.ahlgrim/Desktop/marquette/years/2016-2017/semester 2/Computer Hardware/gitRepo/Adder/Adder.runs/impl_1/thirtytwobit_adder_methodology_drc_routed.rpt.
INFO: [Timing 38-35] Done setting XDC timing constraints.
INFO: [Timing 38-91] UpdateTimingParams: Speed grade: -1, Delay Type: min_max.
INFO: [Timing 38-191] Multithreading enabled for timing update using a maximum of 2 CPUs
INFO: [Timing 38-35] Done setting XDC timing constraints.
Command: report_power -file thirtytwobit_adder_power_routed.rpt -pb thirtytwobit_adder_power_summary_routed.pb -rpx thirtytwobit_adder_power_routed.rpx
Running Vector-less Activity Propagation...

Finished Running Vector-less Activity Propagation
55 Infos, 0 Warnings, 0 Critical Warnings and 0 Errors encountered.
report_power completed successfully
INFO: [Common 17-206] Exiting Vivado at Thu Apr 20 01:12:26 2017...
